<?xml version="1.0" encoding="UTF-8"?>
<coverage generated="1438356777">
  <project timestamp="1438356777">
    <file name="/var/www/tw/application/controllers/Ajax.php">
      <class name="Ajax" namespace="global">
        <metrics methods="11" coveredmethods="0" conditionals="0" coveredconditionals="0" statements="323" coveredstatements="0" elements="334" coveredelements="0"/>
      </class>
      <line num="5" type="method" name="__construct" crap="2" count="0"/>
      <line num="6" type="stmt" count="0"/>
      <line num="7" type="stmt" count="0"/>
      <line num="9" type="stmt" count="0"/>
      <line num="10" type="stmt" count="0"/>
      <line num="12" type="method" name="login" crap="20" count="0"/>
      <line num="13" type="stmt" count="0"/>
      <line num="14" type="stmt" count="0"/>
      <line num="15" type="stmt" count="0"/>
      <line num="16" type="stmt" count="0"/>
      <line num="18" type="stmt" count="0"/>
      <line num="19" type="stmt" count="0"/>
      <line num="20" type="stmt" count="0"/>
      <line num="21" type="stmt" count="0"/>
      <line num="22" type="stmt" count="0"/>
      <line num="23" type="stmt" count="0"/>
      <line num="24" type="stmt" count="0"/>
      <line num="25" type="stmt" count="0"/>
      <line num="26" type="stmt" count="0"/>
      <line num="27" type="stmt" count="0"/>
      <line num="28" type="stmt" count="0"/>
      <line num="29" type="stmt" count="0"/>
      <line num="31" type="stmt" count="0"/>
      <line num="32" type="stmt" count="0"/>
      <line num="33" type="stmt" count="0"/>
      <line num="35" type="method" name="checkEmail" crap="12" count="0"/>
      <line num="36" type="stmt" count="0"/>
      <line num="37" type="stmt" count="0"/>
      <line num="38" type="stmt" count="0"/>
      <line num="39" type="stmt" count="0"/>
      <line num="41" type="stmt" count="0"/>
      <line num="42" type="stmt" count="0"/>
      <line num="43" type="stmt" count="0"/>
      <line num="44" type="stmt" count="0"/>
      <line num="45" type="stmt" count="0"/>
      <line num="46" type="stmt" count="0"/>
      <line num="47" type="stmt" count="0"/>
      <line num="48" type="stmt" count="0"/>
      <line num="50" type="stmt" count="0"/>
      <line num="51" type="stmt" count="0"/>
      <line num="52" type="stmt" count="0"/>
      <line num="54" type="method" name="facebookSignup" crap="42" count="0"/>
      <line num="55" type="stmt" count="0"/>
      <line num="56" type="stmt" count="0"/>
      <line num="58" type="stmt" count="0"/>
      <line num="59" type="stmt" count="0"/>
      <line num="61" type="stmt" count="0"/>
      <line num="62" type="stmt" count="0"/>
      <line num="63" type="stmt" count="0"/>
      <line num="64" type="stmt" count="0"/>
      <line num="65" type="stmt" count="0"/>
      <line num="66" type="stmt" count="0"/>
      <line num="68" type="stmt" count="0"/>
      <line num="70" type="stmt" count="0"/>
      <line num="72" type="stmt" count="0"/>
      <line num="73" type="stmt" count="0"/>
      <line num="75" type="stmt" count="0"/>
      <line num="77" type="stmt" count="0"/>
      <line num="78" type="stmt" count="0"/>
      <line num="79" type="stmt" count="0"/>
      <line num="81" type="stmt" count="0"/>
      <line num="83" type="stmt" count="0"/>
      <line num="84" type="stmt" count="0"/>
      <line num="85" type="stmt" count="0"/>
      <line num="86" type="stmt" count="0"/>
      <line num="87" type="stmt" count="0"/>
      <line num="88" type="stmt" count="0"/>
      <line num="89" type="stmt" count="0"/>
      <line num="90" type="stmt" count="0"/>
      <line num="92" type="stmt" count="0"/>
      <line num="94" type="stmt" count="0"/>
      <line num="95" type="stmt" count="0"/>
      <line num="96" type="stmt" count="0"/>
      <line num="98" type="stmt" count="0"/>
      <line num="100" type="stmt" count="0"/>
      <line num="101" type="stmt" count="0"/>
      <line num="103" type="stmt" count="0"/>
      <line num="104" type="stmt" count="0"/>
      <line num="105" type="stmt" count="0"/>
      <line num="106" type="stmt" count="0"/>
      <line num="107" type="stmt" count="0"/>
      <line num="109" type="stmt" count="0"/>
      <line num="110" type="stmt" count="0"/>
      <line num="112" type="stmt" count="0"/>
      <line num="114" type="stmt" count="0"/>
      <line num="116" type="stmt" count="0"/>
      <line num="118" type="stmt" count="0"/>
      <line num="119" type="stmt" count="0"/>
      <line num="120" type="stmt" count="0"/>
      <line num="122" type="stmt" count="0"/>
      <line num="123" type="stmt" count="0"/>
      <line num="125" type="method" name="signup" crap="30" count="0"/>
      <line num="126" type="stmt" count="0"/>
      <line num="127" type="stmt" count="0"/>
      <line num="128" type="stmt" count="0"/>
      <line num="129" type="stmt" count="0"/>
      <line num="131" type="stmt" count="0"/>
      <line num="132" type="stmt" count="0"/>
      <line num="133" type="stmt" count="0"/>
      <line num="134" type="stmt" count="0"/>
      <line num="135" type="stmt" count="0"/>
      <line num="136" type="stmt" count="0"/>
      <line num="137" type="stmt" count="0"/>
      <line num="139" type="stmt" count="0"/>
      <line num="140" type="stmt" count="0"/>
      <line num="142" type="stmt" count="0"/>
      <line num="144" type="stmt" count="0"/>
      <line num="145" type="stmt" count="0"/>
      <line num="146" type="stmt" count="0"/>
      <line num="148" type="stmt" count="0"/>
      <line num="149" type="stmt" count="0"/>
      <line num="150" type="stmt" count="0"/>
      <line num="153" type="stmt" count="0"/>
      <line num="155" type="stmt" count="0"/>
      <line num="156" type="stmt" count="0"/>
      <line num="157" type="stmt" count="0"/>
      <line num="158" type="stmt" count="0"/>
      <line num="159" type="stmt" count="0"/>
      <line num="160" type="stmt" count="0"/>
      <line num="161" type="stmt" count="0"/>
      <line num="162" type="stmt" count="0"/>
      <line num="164" type="stmt" count="0"/>
      <line num="166" type="stmt" count="0"/>
      <line num="167" type="stmt" count="0"/>
      <line num="168" type="stmt" count="0"/>
      <line num="170" type="stmt" count="0"/>
      <line num="172" type="stmt" count="0"/>
      <line num="173" type="stmt" count="0"/>
      <line num="175" type="stmt" count="0"/>
      <line num="176" type="stmt" count="0"/>
      <line num="177" type="stmt" count="0"/>
      <line num="178" type="stmt" count="0"/>
      <line num="179" type="stmt" count="0"/>
      <line num="180" type="stmt" count="0"/>
      <line num="181" type="stmt" count="0"/>
      <line num="182" type="stmt" count="0"/>
      <line num="183" type="stmt" count="0"/>
      <line num="184" type="stmt" count="0"/>
      <line num="185" type="stmt" count="0"/>
      <line num="186" type="stmt" count="0"/>
      <line num="187" type="stmt" count="0"/>
      <line num="189" type="stmt" count="0"/>
      <line num="190" type="stmt" count="0"/>
      <line num="192" type="stmt" count="0"/>
      <line num="193" type="stmt" count="0"/>
      <line num="194" type="stmt" count="0"/>
      <line num="196" type="method" name="askResetPassword" crap="20" count="0"/>
      <line num="197" type="stmt" count="0"/>
      <line num="198" type="stmt" count="0"/>
      <line num="199" type="stmt" count="0"/>
      <line num="200" type="stmt" count="0"/>
      <line num="202" type="stmt" count="0"/>
      <line num="203" type="stmt" count="0"/>
      <line num="205" type="stmt" count="0"/>
      <line num="207" type="stmt" count="0"/>
      <line num="208" type="stmt" count="0"/>
      <line num="209" type="stmt" count="0"/>
      <line num="211" type="stmt" count="0"/>
      <line num="213" type="stmt" count="0"/>
      <line num="214" type="stmt" count="0"/>
      <line num="215" type="stmt" count="0"/>
      <line num="216" type="stmt" count="0"/>
      <line num="217" type="stmt" count="0"/>
      <line num="218" type="stmt" count="0"/>
      <line num="219" type="stmt" count="0"/>
      <line num="220" type="stmt" count="0"/>
      <line num="222" type="stmt" count="0"/>
      <line num="224" type="stmt" count="0"/>
      <line num="225" type="stmt" count="0"/>
      <line num="226" type="stmt" count="0"/>
      <line num="228" type="stmt" count="0"/>
      <line num="230" type="stmt" count="0"/>
      <line num="232" type="stmt" count="0"/>
      <line num="233" type="stmt" count="0"/>
      <line num="235" type="stmt" count="0"/>
      <line num="236" type="stmt" count="0"/>
      <line num="237" type="stmt" count="0"/>
      <line num="238" type="stmt" count="0"/>
      <line num="239" type="stmt" count="0"/>
      <line num="240" type="stmt" count="0"/>
      <line num="241" type="stmt" count="0"/>
      <line num="242" type="stmt" count="0"/>
      <line num="243" type="stmt" count="0"/>
      <line num="244" type="stmt" count="0"/>
      <line num="245" type="stmt" count="0"/>
      <line num="246" type="stmt" count="0"/>
      <line num="247" type="stmt" count="0"/>
      <line num="249" type="stmt" count="0"/>
      <line num="250" type="stmt" count="0"/>
      <line num="251" type="stmt" count="0"/>
      <line num="253" type="method" name="resetPassword" crap="12" count="0"/>
      <line num="254" type="stmt" count="0"/>
      <line num="255" type="stmt" count="0"/>
      <line num="256" type="stmt" count="0"/>
      <line num="258" type="stmt" count="0"/>
      <line num="260" type="stmt" count="0"/>
      <line num="262" type="stmt" count="0"/>
      <line num="263" type="stmt" count="0"/>
      <line num="265" type="stmt" count="0"/>
      <line num="266" type="stmt" count="0"/>
      <line num="267" type="stmt" count="0"/>
      <line num="268" type="stmt" count="0"/>
      <line num="269" type="stmt" count="0"/>
      <line num="270" type="stmt" count="0"/>
      <line num="271" type="stmt" count="0"/>
      <line num="272" type="stmt" count="0"/>
      <line num="274" type="stmt" count="0"/>
      <line num="275" type="stmt" count="0"/>
      <line num="276" type="stmt" count="0"/>
      <line num="278" type="method" name="getReferenceTime" crap="2" count="0"/>
      <line num="279" type="stmt" count="0"/>
      <line num="280" type="stmt" count="0"/>
      <line num="281" type="stmt" count="0"/>
      <line num="283" type="method" name="accuracyMeasure" crap="12" count="0"/>
      <line num="284" type="stmt" count="0"/>
      <line num="285" type="stmt" count="0"/>
      <line num="287" type="stmt" count="0"/>
      <line num="289" type="stmt" count="0"/>
      <line num="290" type="stmt" count="0"/>
      <line num="292" type="stmt" count="0"/>
      <line num="294" type="stmt" count="0"/>
      <line num="296" type="stmt" count="0"/>
      <line num="298" type="stmt" count="0"/>
      <line num="300" type="stmt" count="0"/>
      <line num="302" type="stmt" count="0"/>
      <line num="303" type="stmt" count="0"/>
      <line num="304" type="stmt" count="0"/>
      <line num="305" type="stmt" count="0"/>
      <line num="306" type="stmt" count="0"/>
      <line num="307" type="stmt" count="0"/>
      <line num="309" type="stmt" count="0"/>
      <line num="310" type="stmt" count="0"/>
      <line num="311" type="stmt" count="0"/>
      <line num="313" type="method" name="baseMeasure" crap="20" count="0"/>
      <line num="314" type="stmt" count="0"/>
      <line num="315" type="stmt" count="0"/>
      <line num="316" type="stmt" count="0"/>
      <line num="317" type="stmt" count="0"/>
      <line num="319" type="stmt" count="0"/>
      <line num="321" type="stmt" count="0"/>
      <line num="322" type="stmt" count="0"/>
      <line num="323" type="stmt" count="0"/>
      <line num="325" type="stmt" count="0"/>
      <line num="327" type="stmt" count="0"/>
      <line num="329" type="stmt" count="0"/>
      <line num="331" type="stmt" count="0"/>
      <line num="332" type="stmt" count="0"/>
      <line num="333" type="stmt" count="0"/>
      <line num="335" type="stmt" count="0"/>
      <line num="337" type="stmt" count="0"/>
      <line num="338" type="stmt" count="0"/>
      <line num="339" type="stmt" count="0"/>
      <line num="340" type="stmt" count="0"/>
      <line num="341" type="stmt" count="0"/>
      <line num="342" type="stmt" count="0"/>
      <line num="343" type="stmt" count="0"/>
      <line num="344" type="stmt" count="0"/>
      <line num="346" type="stmt" count="0"/>
      <line num="348" type="stmt" count="0"/>
      <line num="349" type="stmt" count="0"/>
      <line num="350" type="stmt" count="0"/>
      <line num="352" type="stmt" count="0"/>
      <line num="353" type="stmt" count="0"/>
      <line num="354" type="stmt" count="0"/>
      <line num="356" type="stmt" count="0"/>
      <line num="358" type="stmt" count="0"/>
      <line num="359" type="stmt" count="0"/>
      <line num="361" type="stmt" count="0"/>
      <line num="362" type="stmt" count="0"/>
      <line num="364" type="stmt" count="0"/>
      <line num="365" type="stmt" count="0"/>
      <line num="366" type="stmt" count="0"/>
      <line num="367" type="stmt" count="0"/>
      <line num="368" type="stmt" count="0"/>
      <line num="369" type="stmt" count="0"/>
      <line num="370" type="stmt" count="0"/>
      <line num="371" type="stmt" count="0"/>
      <line num="372" type="stmt" count="0"/>
      <line num="373" type="stmt" count="0"/>
      <line num="374" type="stmt" count="0"/>
      <line num="375" type="stmt" count="0"/>
      <line num="376" type="stmt" count="0"/>
      <line num="378" type="stmt" count="0"/>
      <line num="379" type="stmt" count="0"/>
      <line num="380" type="stmt" count="0"/>
      <line num="382" type="method" name="contact" crap="12" count="0"/>
      <line num="383" type="stmt" count="0"/>
      <line num="384" type="stmt" count="0"/>
      <line num="385" type="stmt" count="0"/>
      <line num="386" type="stmt" count="0"/>
      <line num="388" type="stmt" count="0"/>
      <line num="389" type="stmt" count="0"/>
      <line num="390" type="stmt" count="0"/>
      <line num="392" type="stmt" count="0"/>
      <line num="394" type="stmt" count="0"/>
      <line num="395" type="stmt" count="0"/>
      <line num="396" type="stmt" count="0"/>
      <line num="397" type="stmt" count="0"/>
      <line num="398" type="stmt" count="0"/>
      <line num="399" type="stmt" count="0"/>
      <line num="400" type="stmt" count="0"/>
      <line num="401" type="stmt" count="0"/>
      <line num="403" type="stmt" count="0"/>
      <line num="405" type="stmt" count="0"/>
      <line num="406" type="stmt" count="0"/>
      <line num="407" type="stmt" count="0"/>
      <line num="409" type="stmt" count="0"/>
      <line num="411" type="stmt" count="0"/>
      <line num="412" type="stmt" count="0"/>
      <line num="413" type="stmt" count="0"/>
      <line num="414" type="stmt" count="0"/>
      <line num="416" type="stmt" count="0"/>
      <line num="418" type="stmt" count="0"/>
      <line num="419" type="stmt" count="0"/>
      <line num="420" type="stmt" count="0"/>
      <line num="421" type="stmt" count="0"/>
      <line num="422" type="stmt" count="0"/>
      <line num="423" type="stmt" count="0"/>
      <line num="424" type="stmt" count="0"/>
      <line num="425" type="stmt" count="0"/>
      <line num="427" type="stmt" count="0"/>
      <line num="428" type="stmt" count="0"/>
      <line num="429" type="stmt" count="0"/>
      <metrics loc="430" ncloc="430" classes="1" methods="11" coveredmethods="0" conditionals="0" coveredconditionals="0" statements="323" coveredstatements="0" elements="334" coveredelements="0"/>
    </file>
    <file name="/var/www/tw/application/controllers/Home.php">
      <class name="Home" namespace="global">
        <metrics methods="10" coveredmethods="0" conditionals="0" coveredconditionals="0" statements="94" coveredstatements="0" elements="104" coveredelements="0"/>
      </class>
      <line num="9" type="method" name="__construct" crap="6" count="0"/>
      <line num="10" type="stmt" count="0"/>
      <line num="11" type="stmt" count="0"/>
      <line num="12" type="stmt" count="0"/>
      <line num="15" type="stmt" count="0"/>
      <line num="16" type="stmt" count="0"/>
      <line num="17" type="stmt" count="0"/>
      <line num="19" type="stmt" count="0"/>
      <line num="21" type="method" name="index" crap="6" count="0"/>
      <line num="22" type="stmt" count="0"/>
      <line num="24" type="stmt" count="0"/>
      <line num="25" type="stmt" count="0"/>
      <line num="26" type="stmt" count="0"/>
      <line num="27" type="stmt" count="0"/>
      <line num="28" type="stmt" count="0"/>
      <line num="30" type="stmt" count="0"/>
      <line num="31" type="stmt" count="0"/>
      <line num="32" type="stmt" count="0"/>
      <line num="33" type="stmt" count="0"/>
      <line num="35" type="method" name="result" crap="6" count="0"/>
      <line num="37" type="stmt" count="0"/>
      <line num="38" type="stmt" count="0"/>
      <line num="39" type="stmt" count="0"/>
      <line num="40" type="stmt" count="0"/>
      <line num="41" type="stmt" count="0"/>
      <line num="43" type="stmt" count="0"/>
      <line num="45" type="stmt" count="0"/>
      <line num="46" type="stmt" count="0"/>
      <line num="47" type="stmt" count="0"/>
      <line num="48" type="stmt" count="0"/>
      <line num="50" type="method" name="homeMessage" crap="12" count="0"/>
      <line num="52" type="stmt" count="0"/>
      <line num="53" type="stmt" count="0"/>
      <line num="55" type="stmt" count="0"/>
      <line num="56" type="stmt" count="0"/>
      <line num="58" type="stmt" count="0"/>
      <line num="60" type="stmt" count="0"/>
      <line num="62" type="stmt" count="0"/>
      <line num="64" type="stmt" count="0"/>
      <line num="66" type="stmt" count="0"/>
      <line num="68" type="stmt" count="0"/>
      <line num="69" type="stmt" count="0"/>
      <line num="70" type="stmt" count="0"/>
      <line num="71" type="stmt" count="0"/>
      <line num="72" type="stmt" count="0"/>
      <line num="73" type="stmt" count="0"/>
      <line num="74" type="stmt" count="0"/>
      <line num="75" type="stmt" count="0"/>
      <line num="76" type="stmt" count="0"/>
      <line num="77" type="stmt" count="0"/>
      <line num="78" type="stmt" count="0"/>
      <line num="80" type="stmt" count="0"/>
      <line num="82" type="method" name="logout" crap="2" count="0"/>
      <line num="83" type="stmt" count="0"/>
      <line num="84" type="stmt" count="0"/>
      <line num="86" type="stmt" count="0"/>
      <line num="87" type="stmt" count="0"/>
      <line num="88" type="stmt" count="0"/>
      <line num="90" type="method" name="resetPassword" crap="2" count="0"/>
      <line num="91" type="stmt" count="0"/>
      <line num="92" type="stmt" count="0"/>
      <line num="93" type="stmt" count="0"/>
      <line num="95" type="stmt" count="0"/>
      <line num="96" type="stmt" count="0"/>
      <line num="98" type="stmt" count="0"/>
      <line num="99" type="stmt" count="0"/>
      <line num="101" type="method" name="signupEmail" crap="2" count="0"/>
      <line num="102" type="stmt" count="0"/>
      <line num="103" type="stmt" count="0"/>
      <line num="104" type="stmt" count="0"/>
      <line num="105" type="stmt" count="0"/>
      <line num="107" type="method" name="about" crap="2" count="0"/>
      <line num="108" type="stmt" count="0"/>
      <line num="109" type="stmt" count="0"/>
      <line num="110" type="stmt" count="0"/>
      <line num="111" type="stmt" count="0"/>
      <line num="112" type="stmt" count="0"/>
      <line num="113" type="stmt" count="0"/>
      <line num="114" type="stmt" count="0"/>
      <line num="116" type="method" name="contact" crap="2" count="0"/>
      <line num="117" type="stmt" count="0"/>
      <line num="118" type="stmt" count="0"/>
      <line num="119" type="stmt" count="0"/>
      <line num="120" type="stmt" count="0"/>
      <line num="121" type="stmt" count="0"/>
      <line num="122" type="stmt" count="0"/>
      <line num="123" type="stmt" count="0"/>
      <line num="125" type="method" name="watchTips" crap="2" count="0"/>
      <line num="126" type="stmt" count="0"/>
      <line num="127" type="stmt" count="0"/>
      <line num="128" type="stmt" count="0"/>
      <line num="129" type="stmt" count="0"/>
      <line num="130" type="stmt" count="0"/>
      <line num="131" type="stmt" count="0"/>
      <metrics loc="131" ncloc="129" classes="1" methods="10" coveredmethods="0" conditionals="0" coveredconditionals="0" statements="94" coveredstatements="0" elements="104" coveredelements="0"/>
    </file>
    <file name="/var/www/tw/application/controllers/Hooks.php">
      <class name="Hooks" namespace="global">
        <metrics methods="4" coveredmethods="0" conditionals="0" coveredconditionals="0" statements="71" coveredstatements="0" elements="75" coveredelements="0"/>
      </class>
      <line num="26" type="method" name="__construct" crap="2" count="0"/>
      <line num="27" type="stmt" count="0"/>
      <line num="28" type="stmt" count="0"/>
      <line num="29" type="stmt" count="0"/>
      <line num="30" type="stmt" count="0"/>
      <line num="31" type="stmt" count="0"/>
      <line num="33" type="method" name="index" crap="110" count="0"/>
      <line num="34" type="stmt" count="0"/>
      <line num="36" type="stmt" count="0"/>
      <line num="38" type="stmt" count="0"/>
      <line num="39" type="stmt" count="0"/>
      <line num="40" type="stmt" count="0"/>
      <line num="42" type="stmt" count="0"/>
      <line num="44" type="stmt" count="0"/>
      <line num="46" type="stmt" count="0"/>
      <line num="48" type="stmt" count="0"/>
      <line num="50" type="stmt" count="0"/>
      <line num="52" type="stmt" count="0"/>
      <line num="53" type="stmt" count="0"/>
      <line num="54" type="stmt" count="0"/>
      <line num="55" type="stmt" count="0"/>
      <line num="57" type="stmt" count="0"/>
      <line num="58" type="stmt" count="0"/>
      <line num="59" type="stmt" count="0"/>
      <line num="61" type="stmt" count="0"/>
      <line num="62" type="stmt" count="0"/>
      <line num="64" type="stmt" count="0"/>
      <line num="66" type="stmt" count="0"/>
      <line num="68" type="stmt" count="0"/>
      <line num="70" type="stmt" count="0"/>
      <line num="72" type="stmt" count="0"/>
      <line num="74" type="stmt" count="0"/>
      <line num="76" type="stmt" count="0"/>
      <line num="77" type="stmt" count="0"/>
      <line num="78" type="stmt" count="0"/>
      <line num="79" type="stmt" count="0"/>
      <line num="82" type="stmt" count="0"/>
      <line num="83" type="stmt" count="0"/>
      <line num="84" type="stmt" count="0"/>
      <line num="86" type="stmt" count="0"/>
      <line num="87" type="stmt" count="0"/>
      <line num="89" type="stmt" count="0"/>
      <line num="91" type="stmt" count="0"/>
      <line num="93" type="stmt" count="0"/>
      <line num="95" type="stmt" count="0"/>
      <line num="97" type="stmt" count="0"/>
      <line num="98" type="stmt" count="0"/>
      <line num="99" type="stmt" count="0"/>
      <line num="100" type="stmt" count="0"/>
      <line num="102" type="stmt" count="0"/>
      <line num="103" type="stmt" count="0"/>
      <line num="104" type="stmt" count="0"/>
      <line num="106" type="stmt" count="0"/>
      <line num="107" type="stmt" count="0"/>
      <line num="108" type="stmt" count="0"/>
      <line num="109" type="stmt" count="0"/>
      <line num="111" type="stmt" count="0"/>
      <line num="112" type="stmt" count="0"/>
      <line num="113" type="stmt" count="0"/>
      <line num="115" type="stmt" count="0"/>
      <line num="117" type="stmt" count="0"/>
      <line num="119" type="stmt" count="0"/>
      <line num="121" type="stmt" count="0"/>
      <line num="122" type="stmt" count="0"/>
      <line num="125" type="stmt" count="0"/>
      <line num="127" type="method" name="startsWith" crap="6" count="0"/>
      <line num="129" type="stmt" count="0"/>
      <line num="130" type="stmt" count="0"/>
      <line num="132" type="method" name="endsWith" crap="12" count="0"/>
      <line num="134" type="stmt" count="0"/>
      <line num="135" type="stmt" count="0"/>
      <metrics loc="136" ncloc="132" classes="1" methods="4" coveredmethods="0" conditionals="0" coveredconditionals="0" statements="71" coveredstatements="0" elements="75" coveredelements="0"/>
    </file>
    <file name="/var/www/tw/application/controllers/Measures.php">
      <class name="Measures" namespace="global">
        <metrics methods="5" coveredmethods="0" conditionals="0" coveredconditionals="0" statements="98" coveredstatements="0" elements="103" coveredelements="0"/>
      </class>
      <line num="5" type="method" name="__construct" crap="2" count="0"/>
      <line num="6" type="stmt" count="0"/>
      <line num="7" type="stmt" count="0"/>
      <line num="8" type="stmt" count="0"/>
      <line num="9" type="stmt" count="0"/>
      <line num="10" type="stmt" count="0"/>
      <line num="11" type="stmt" count="0"/>
      <line num="13" type="method" name="index" crap="56" count="0"/>
      <line num="14" type="stmt" count="0"/>
      <line num="16" type="stmt" count="0"/>
      <line num="17" type="stmt" count="0"/>
      <line num="18" type="stmt" count="0"/>
      <line num="20" type="stmt" count="0"/>
      <line num="21" type="stmt" count="0"/>
      <line num="22" type="stmt" count="0"/>
      <line num="23" type="stmt" count="0"/>
      <line num="24" type="stmt" count="0"/>
      <line num="26" type="stmt" count="0"/>
      <line num="27" type="stmt" count="0"/>
      <line num="28" type="stmt" count="0"/>
      <line num="29" type="stmt" count="0"/>
      <line num="30" type="stmt" count="0"/>
      <line num="31" type="stmt" count="0"/>
      <line num="32" type="stmt" count="0"/>
      <line num="33" type="stmt" count="0"/>
      <line num="34" type="stmt" count="0"/>
      <line num="35" type="stmt" count="0"/>
      <line num="36" type="stmt" count="0"/>
      <line num="37" type="stmt" count="0"/>
      <line num="39" type="stmt" count="0"/>
      <line num="41" type="stmt" count="0"/>
      <line num="42" type="stmt" count="0"/>
      <line num="43" type="stmt" count="0"/>
      <line num="44" type="stmt" count="0"/>
      <line num="45" type="stmt" count="0"/>
      <line num="46" type="stmt" count="0"/>
      <line num="47" type="stmt" count="0"/>
      <line num="48" type="stmt" count="0"/>
      <line num="50" type="stmt" count="0"/>
      <line num="51" type="stmt" count="0"/>
      <line num="52" type="stmt" count="0"/>
      <line num="53" type="stmt" count="0"/>
      <line num="55" type="stmt" count="0"/>
      <line num="57" type="stmt" count="0"/>
      <line num="58" type="stmt" count="0"/>
      <line num="59" type="stmt" count="0"/>
      <line num="60" type="stmt" count="0"/>
      <line num="61" type="stmt" count="0"/>
      <line num="62" type="stmt" count="0"/>
      <line num="63" type="stmt" count="0"/>
      <line num="64" type="stmt" count="0"/>
      <line num="65" type="stmt" count="0"/>
      <line num="67" type="stmt" count="0"/>
      <line num="69" type="stmt" count="0"/>
      <line num="70" type="stmt" count="0"/>
      <line num="72" type="stmt" count="0"/>
      <line num="73" type="stmt" count="0"/>
      <line num="74" type="stmt" count="0"/>
      <line num="76" type="stmt" count="0"/>
      <line num="78" type="stmt" count="0"/>
      <line num="79" type="stmt" count="0"/>
      <line num="81" type="method" name="new_watch" crap="2" count="0"/>
      <line num="82" type="stmt" count="0"/>
      <line num="83" type="stmt" count="0"/>
      <line num="85" type="stmt" count="0"/>
      <line num="86" type="stmt" count="0"/>
      <line num="88" type="stmt" count="0"/>
      <line num="90" type="stmt" count="0"/>
      <line num="91" type="stmt" count="0"/>
      <line num="93" type="method" name="new_measure" crap="2" count="0"/>
      <line num="94" type="stmt" count="0"/>
      <line num="96" type="stmt" count="0"/>
      <line num="98" type="stmt" count="0"/>
      <line num="99" type="stmt" count="0"/>
      <line num="101" type="stmt" count="0"/>
      <line num="102" type="stmt" count="0"/>
      <line num="103" type="stmt" count="0"/>
      <line num="106" type="stmt" count="0"/>
      <line num="107" type="stmt" count="0"/>
      <line num="109" type="method" name="get_accuracy" crap="12" count="0"/>
      <line num="110" type="stmt" count="0"/>
      <line num="111" type="stmt" count="0"/>
      <line num="112" type="stmt" count="0"/>
      <line num="114" type="stmt" count="0"/>
      <line num="116" type="stmt" count="0"/>
      <line num="117" type="stmt" count="0"/>
      <line num="118" type="stmt" count="0"/>
      <line num="120" type="stmt" count="0"/>
      <line num="121" type="stmt" count="0"/>
      <line num="123" type="stmt" count="0"/>
      <line num="124" type="stmt" count="0"/>
      <line num="126" type="stmt" count="0"/>
      <line num="128" type="stmt" count="0"/>
      <line num="129" type="stmt" count="0"/>
      <line num="130" type="stmt" count="0"/>
      <line num="131" type="stmt" count="0"/>
      <line num="132" type="stmt" count="0"/>
      <line num="133" type="stmt" count="0"/>
      <metrics loc="133" ncloc="133" classes="1" methods="5" coveredmethods="0" conditionals="0" coveredconditionals="0" statements="98" coveredstatements="0" elements="103" coveredelements="0"/>
    </file>
    <file name="/var/www/tw/application/controllers/Modal.php">
      <class name="Modal" namespace="global">
        <metrics methods="8" coveredmethods="0" conditionals="0" coveredconditionals="0" statements="89" coveredstatements="0" elements="97" coveredelements="0"/>
      </class>
      <line num="6" type="method" name="ctaClick" crap="12" count="0"/>
      <line num="7" type="stmt" count="0"/>
      <line num="8" type="stmt" count="0"/>
      <line num="10" type="stmt" count="0"/>
      <line num="11" type="stmt" count="0"/>
      <line num="12" type="stmt" count="0"/>
      <line num="13" type="stmt" count="0"/>
      <line num="14" type="stmt" count="0"/>
      <line num="16" type="method" name="accuracyWarning" crap="6" count="0"/>
      <line num="17" type="stmt" count="0"/>
      <line num="18" type="stmt" count="0"/>
      <line num="19" type="stmt" count="0"/>
      <line num="20" type="stmt" count="0"/>
      <line num="21" type="stmt" count="0"/>
      <line num="22" type="stmt" count="0"/>
      <line num="23" type="stmt" count="0"/>
      <line num="24" type="stmt" count="0"/>
      <line num="25" type="stmt" count="0"/>
      <line num="26" type="stmt" count="0"/>
      <line num="28" type="method" name="login" crap="6" count="0"/>
      <line num="29" type="stmt" count="0"/>
      <line num="30" type="stmt" count="0"/>
      <line num="31" type="stmt" count="0"/>
      <line num="32" type="stmt" count="0"/>
      <line num="33" type="stmt" count="0"/>
      <line num="34" type="stmt" count="0"/>
      <line num="35" type="stmt" count="0"/>
      <line num="36" type="stmt" count="0"/>
      <line num="37" type="stmt" count="0"/>
      <line num="38" type="stmt" count="0"/>
      <line num="39" type="stmt" count="0"/>
      <line num="40" type="stmt" count="0"/>
      <line num="42" type="method" name="signUp" crap="6" count="0"/>
      <line num="43" type="stmt" count="0"/>
      <line num="44" type="stmt" count="0"/>
      <line num="45" type="stmt" count="0"/>
      <line num="46" type="stmt" count="0"/>
      <line num="47" type="stmt" count="0"/>
      <line num="48" type="stmt" count="0"/>
      <line num="49" type="stmt" count="0"/>
      <line num="50" type="stmt" count="0"/>
      <line num="51" type="stmt" count="0"/>
      <line num="52" type="stmt" count="0"/>
      <line num="53" type="stmt" count="0"/>
      <line num="54" type="stmt" count="0"/>
      <line num="56" type="method" name="signUpSuccess" crap="6" count="0"/>
      <line num="57" type="stmt" count="0"/>
      <line num="58" type="stmt" count="0"/>
      <line num="59" type="stmt" count="0"/>
      <line num="60" type="stmt" count="0"/>
      <line num="61" type="stmt" count="0"/>
      <line num="62" type="stmt" count="0"/>
      <line num="63" type="stmt" count="0"/>
      <line num="64" type="stmt" count="0"/>
      <line num="65" type="stmt" count="0"/>
      <line num="66" type="stmt" count="0"/>
      <line num="68" type="method" name="newMeasure" crap="6" count="0"/>
      <line num="69" type="stmt" count="0"/>
      <line num="70" type="stmt" count="0"/>
      <line num="71" type="stmt" count="0"/>
      <line num="72" type="stmt" count="0"/>
      <line num="73" type="stmt" count="0"/>
      <line num="74" type="stmt" count="0"/>
      <line num="75" type="stmt" count="0"/>
      <line num="76" type="stmt" count="0"/>
      <line num="77" type="stmt" count="0"/>
      <line num="78" type="stmt" count="0"/>
      <line num="80" type="method" name="newWatch" crap="6" count="0"/>
      <line num="81" type="stmt" count="0"/>
      <line num="82" type="stmt" count="0"/>
      <line num="83" type="stmt" count="0"/>
      <line num="84" type="stmt" count="0"/>
      <line num="85" type="stmt" count="0"/>
      <line num="86" type="stmt" count="0"/>
      <line num="87" type="stmt" count="0"/>
      <line num="88" type="stmt" count="0"/>
      <line num="89" type="stmt" count="0"/>
      <line num="90" type="stmt" count="0"/>
      <line num="92" type="method" name="resetPassword" crap="6" count="0"/>
      <line num="93" type="stmt" count="0"/>
      <line num="94" type="stmt" count="0"/>
      <line num="95" type="stmt" count="0"/>
      <line num="96" type="stmt" count="0"/>
      <line num="97" type="stmt" count="0"/>
      <line num="98" type="stmt" count="0"/>
      <line num="99" type="stmt" count="0"/>
      <line num="100" type="stmt" count="0"/>
      <line num="101" type="stmt" count="0"/>
      <line num="102" type="stmt" count="0"/>
      <metrics loc="102" ncloc="102" classes="1" methods="8" coveredmethods="0" conditionals="0" coveredconditionals="0" statements="89" coveredstatements="0" elements="97" coveredelements="0"/>
    </file>
    <file name="/var/www/tw/application/controllers/Welcome.php">
      <class name="Welcome" namespace="global">
        <metrics methods="1" coveredmethods="1" conditionals="0" coveredconditionals="0" statements="2" coveredstatements="2" elements="3" coveredelements="3"/>
      </class>
      <line num="2" type="stmt" count="1"/>
      <line num="21" type="method" name="index" crap="1" count="1"/>
      <line num="23" type="stmt" count="1"/>
      <line num="24" type="stmt" count="1"/>
      <line num="26" type="stmt" count="1"/>
      <metrics loc="25" ncloc="10" classes="1" methods="1" coveredmethods="1" conditionals="0" coveredconditionals="0" statements="3" coveredstatements="3" elements="4" coveredelements="4"/>
    </file>
    <file name="/var/www/tw/application/helpers/assets_helper.php">
      <line num="7" type="stmt" count="0"/>
      <line num="15" type="stmt" count="0"/>
      <line num="23" type="stmt" count="0"/>
      <line num="31" type="stmt" count="0"/>
      <line num="39" type="stmt" count="0"/>
      <line num="47" type="stmt" count="0"/>
      <line num="55" type="stmt" count="0"/>
      <line num="61" type="stmt" count="0"/>
      <metrics loc="62" ncloc="62" classes="0" methods="0" coveredmethods="0" conditionals="0" coveredconditionals="0" statements="8" coveredstatements="0" elements="8" coveredelements="0"/>
    </file>
    <file name="/var/www/tw/application/helpers/mcapi_helper.php">
      <class name="MCAPI" namespace="global">
        <metrics methods="111" coveredmethods="0" conditionals="0" coveredconditionals="0" statements="782" coveredstatements="0" elements="893" coveredelements="0"/>
      </class>
      <line num="39" type="method" name="MCAPI" crap="2" count="0"/>
      <line num="40" type="stmt" count="0"/>
      <line num="41" type="stmt" count="0"/>
      <line num="42" type="stmt" count="0"/>
      <line num="43" type="stmt" count="0"/>
      <line num="44" type="method" name="setTimeout" crap="6" count="0"/>
      <line num="45" type="stmt" count="0"/>
      <line num="46" type="stmt" count="0"/>
      <line num="47" type="stmt" count="0"/>
      <line num="48" type="stmt" count="0"/>
      <line num="49" type="stmt" count="0"/>
      <line num="50" type="method" name="getTimeout" crap="2" count="0"/>
      <line num="51" type="stmt" count="0"/>
      <line num="52" type="stmt" count="0"/>
      <line num="53" type="method" name="useSecure" crap="6" count="0"/>
      <line num="54" type="stmt" count="0"/>
      <line num="55" type="stmt" count="0"/>
      <line num="56" type="stmt" count="0"/>
      <line num="57" type="stmt" count="0"/>
      <line num="58" type="stmt" count="0"/>
      <line num="59" type="stmt" count="0"/>
      <line num="71" type="method" name="campaignUnschedule" crap="2" count="0"/>
      <line num="72" type="stmt" count="0"/>
      <line num="73" type="stmt" count="0"/>
      <line num="74" type="stmt" count="0"/>
      <line num="75" type="stmt" count="0"/>
      <line num="89" type="method" name="campaignSchedule" crap="2" count="0"/>
      <line num="90" type="stmt" count="0"/>
      <line num="91" type="stmt" count="0"/>
      <line num="92" type="stmt" count="0"/>
      <line num="93" type="stmt" count="0"/>
      <line num="94" type="stmt" count="0"/>
      <line num="95" type="stmt" count="0"/>
      <line num="108" type="method" name="campaignScheduleBatch" crap="2" count="0"/>
      <line num="109" type="stmt" count="0"/>
      <line num="110" type="stmt" count="0"/>
      <line num="111" type="stmt" count="0"/>
      <line num="112" type="stmt" count="0"/>
      <line num="113" type="stmt" count="0"/>
      <line num="114" type="stmt" count="0"/>
      <line num="115" type="stmt" count="0"/>
      <line num="125" type="method" name="campaignResume" crap="2" count="0"/>
      <line num="126" type="stmt" count="0"/>
      <line num="127" type="stmt" count="0"/>
      <line num="128" type="stmt" count="0"/>
      <line num="129" type="stmt" count="0"/>
      <line num="139" type="method" name="campaignPause" crap="2" count="0"/>
      <line num="140" type="stmt" count="0"/>
      <line num="141" type="stmt" count="0"/>
      <line num="142" type="stmt" count="0"/>
      <line num="143" type="stmt" count="0"/>
      <line num="156" type="method" name="campaignSendNow" crap="2" count="0"/>
      <line num="157" type="stmt" count="0"/>
      <line num="158" type="stmt" count="0"/>
      <line num="159" type="stmt" count="0"/>
      <line num="160" type="stmt" count="0"/>
      <line num="175" type="method" name="campaignSendTest" crap="2" count="0"/>
      <line num="176" type="stmt" count="0"/>
      <line num="177" type="stmt" count="0"/>
      <line num="178" type="stmt" count="0"/>
      <line num="179" type="stmt" count="0"/>
      <line num="180" type="stmt" count="0"/>
      <line num="181" type="stmt" count="0"/>
      <line num="182" type="stmt" count="0"/>
      <line num="293" type="method" name="campaignSegmentTest" crap="2" count="0"/>
      <line num="294" type="stmt" count="0"/>
      <line num="295" type="stmt" count="0"/>
      <line num="296" type="stmt" count="0"/>
      <line num="297" type="stmt" count="0"/>
      <line num="298" type="stmt" count="0"/>
      <line num="401" type="method" name="campaignCreate" crap="2" count="0"/>
      <line num="402" type="stmt" count="0"/>
      <line num="403" type="stmt" count="0"/>
      <line num="404" type="stmt" count="0"/>
      <line num="405" type="stmt" count="0"/>
      <line num="406" type="stmt" count="0"/>
      <line num="407" type="stmt" count="0"/>
      <line num="408" type="stmt" count="0"/>
      <line num="409" type="stmt" count="0"/>
      <line num="432" type="method" name="campaignUpdate" crap="2" count="0"/>
      <line num="433" type="stmt" count="0"/>
      <line num="434" type="stmt" count="0"/>
      <line num="435" type="stmt" count="0"/>
      <line num="436" type="stmt" count="0"/>
      <line num="437" type="stmt" count="0"/>
      <line num="438" type="stmt" count="0"/>
      <line num="449" type="method" name="campaignReplicate" crap="2" count="0"/>
      <line num="450" type="stmt" count="0"/>
      <line num="451" type="stmt" count="0"/>
      <line num="452" type="stmt" count="0"/>
      <line num="453" type="stmt" count="0"/>
      <line num="464" type="method" name="campaignDelete" crap="2" count="0"/>
      <line num="465" type="stmt" count="0"/>
      <line num="466" type="stmt" count="0"/>
      <line num="467" type="stmt" count="0"/>
      <line num="468" type="stmt" count="0"/>
      <line num="536" type="method" name="campaigns" crap="2" count="0"/>
      <line num="537" type="stmt" count="0"/>
      <line num="538" type="stmt" count="0"/>
      <line num="539" type="stmt" count="0"/>
      <line num="540" type="stmt" count="0"/>
      <line num="541" type="stmt" count="0"/>
      <line num="542" type="stmt" count="0"/>
      <line num="543" type="stmt" count="0"/>
      <line num="544" type="stmt" count="0"/>
      <line num="545" type="stmt" count="0"/>
      <line num="611" type="method" name="campaignStats" crap="2" count="0"/>
      <line num="612" type="stmt" count="0"/>
      <line num="613" type="stmt" count="0"/>
      <line num="614" type="stmt" count="0"/>
      <line num="615" type="stmt" count="0"/>
      <line num="630" type="method" name="campaignClickStats" crap="2" count="0"/>
      <line num="631" type="stmt" count="0"/>
      <line num="632" type="stmt" count="0"/>
      <line num="633" type="stmt" count="0"/>
      <line num="634" type="stmt" count="0"/>
      <line num="660" type="method" name="campaignEmailDomainPerformance" crap="2" count="0"/>
      <line num="661" type="stmt" count="0"/>
      <line num="662" type="stmt" count="0"/>
      <line num="663" type="stmt" count="0"/>
      <line num="664" type="stmt" count="0"/>
      <line num="683" type="method" name="campaignMembers" crap="2" count="0"/>
      <line num="684" type="stmt" count="0"/>
      <line num="685" type="stmt" count="0"/>
      <line num="686" type="stmt" count="0"/>
      <line num="687" type="stmt" count="0"/>
      <line num="688" type="stmt" count="0"/>
      <line num="689" type="stmt" count="0"/>
      <line num="690" type="stmt" count="0"/>
      <line num="706" type="method" name="campaignHardBounces" crap="2" count="0"/>
      <line num="707" type="stmt" count="0"/>
      <line num="708" type="stmt" count="0"/>
      <line num="709" type="stmt" count="0"/>
      <line num="710" type="stmt" count="0"/>
      <line num="711" type="stmt" count="0"/>
      <line num="712" type="stmt" count="0"/>
      <line num="728" type="method" name="campaignSoftBounces" crap="2" count="0"/>
      <line num="729" type="stmt" count="0"/>
      <line num="730" type="stmt" count="0"/>
      <line num="731" type="stmt" count="0"/>
      <line num="732" type="stmt" count="0"/>
      <line num="733" type="stmt" count="0"/>
      <line num="734" type="stmt" count="0"/>
      <line num="751" type="method" name="campaignUnsubscribes" crap="2" count="0"/>
      <line num="752" type="stmt" count="0"/>
      <line num="753" type="stmt" count="0"/>
      <line num="754" type="stmt" count="0"/>
      <line num="755" type="stmt" count="0"/>
      <line num="756" type="stmt" count="0"/>
      <line num="757" type="stmt" count="0"/>
      <line num="777" type="method" name="campaignAbuseReports" crap="2" count="0"/>
      <line num="778" type="stmt" count="0"/>
      <line num="779" type="stmt" count="0"/>
      <line num="780" type="stmt" count="0"/>
      <line num="781" type="stmt" count="0"/>
      <line num="782" type="stmt" count="0"/>
      <line num="783" type="stmt" count="0"/>
      <line num="784" type="stmt" count="0"/>
      <line num="799" type="method" name="campaignAdvice" crap="2" count="0"/>
      <line num="800" type="stmt" count="0"/>
      <line num="801" type="stmt" count="0"/>
      <line num="802" type="stmt" count="0"/>
      <line num="803" type="stmt" count="0"/>
      <line num="828" type="method" name="campaignAnalytics" crap="2" count="0"/>
      <line num="829" type="stmt" count="0"/>
      <line num="830" type="stmt" count="0"/>
      <line num="831" type="stmt" count="0"/>
      <line num="832" type="stmt" count="0"/>
      <line num="847" type="method" name="campaignGeoOpens" crap="2" count="0"/>
      <line num="848" type="stmt" count="0"/>
      <line num="849" type="stmt" count="0"/>
      <line num="850" type="stmt" count="0"/>
      <line num="851" type="stmt" count="0"/>
      <line num="866" type="method" name="campaignGeoOpensForCountry" crap="2" count="0"/>
      <line num="867" type="stmt" count="0"/>
      <line num="868" type="stmt" count="0"/>
      <line num="869" type="stmt" count="0"/>
      <line num="870" type="stmt" count="0"/>
      <line num="871" type="stmt" count="0"/>
      <line num="908" type="method" name="campaignEepUrlStats" crap="2" count="0"/>
      <line num="909" type="stmt" count="0"/>
      <line num="910" type="stmt" count="0"/>
      <line num="911" type="stmt" count="0"/>
      <line num="912" type="stmt" count="0"/>
      <line num="928" type="method" name="campaignBounceMessage" crap="2" count="0"/>
      <line num="929" type="stmt" count="0"/>
      <line num="930" type="stmt" count="0"/>
      <line num="931" type="stmt" count="0"/>
      <line num="932" type="stmt" count="0"/>
      <line num="933" type="stmt" count="0"/>
      <line num="955" type="method" name="campaignBounceMessages" crap="2" count="0"/>
      <line num="956" type="stmt" count="0"/>
      <line num="957" type="stmt" count="0"/>
      <line num="958" type="stmt" count="0"/>
      <line num="959" type="stmt" count="0"/>
      <line num="960" type="stmt" count="0"/>
      <line num="961" type="stmt" count="0"/>
      <line num="962" type="stmt" count="0"/>
      <line num="994" type="method" name="campaignEcommOrders" crap="2" count="0"/>
      <line num="995" type="stmt" count="0"/>
      <line num="996" type="stmt" count="0"/>
      <line num="997" type="stmt" count="0"/>
      <line num="998" type="stmt" count="0"/>
      <line num="999" type="stmt" count="0"/>
      <line num="1000" type="stmt" count="0"/>
      <line num="1001" type="stmt" count="0"/>
      <line num="1020" type="method" name="campaignShareReport" crap="2" count="0"/>
      <line num="1021" type="stmt" count="0"/>
      <line num="1022" type="stmt" count="0"/>
      <line num="1023" type="stmt" count="0"/>
      <line num="1024" type="stmt" count="0"/>
      <line num="1025" type="stmt" count="0"/>
      <line num="1026" type="stmt" count="0"/>
      <line num="1039" type="method" name="campaignContent" crap="2" count="0"/>
      <line num="1040" type="stmt" count="0"/>
      <line num="1041" type="stmt" count="0"/>
      <line num="1042" type="stmt" count="0"/>
      <line num="1043" type="stmt" count="0"/>
      <line num="1044" type="stmt" count="0"/>
      <line num="1055" type="method" name="campaignTemplateContent" crap="2" count="0"/>
      <line num="1056" type="stmt" count="0"/>
      <line num="1057" type="stmt" count="0"/>
      <line num="1058" type="stmt" count="0"/>
      <line num="1059" type="stmt" count="0"/>
      <line num="1075" type="method" name="campaignOpenedAIM" crap="2" count="0"/>
      <line num="1076" type="stmt" count="0"/>
      <line num="1077" type="stmt" count="0"/>
      <line num="1078" type="stmt" count="0"/>
      <line num="1079" type="stmt" count="0"/>
      <line num="1080" type="stmt" count="0"/>
      <line num="1081" type="stmt" count="0"/>
      <line num="1095" type="method" name="campaignNotOpenedAIM" crap="2" count="0"/>
      <line num="1096" type="stmt" count="0"/>
      <line num="1097" type="stmt" count="0"/>
      <line num="1098" type="stmt" count="0"/>
      <line num="1099" type="stmt" count="0"/>
      <line num="1100" type="stmt" count="0"/>
      <line num="1101" type="stmt" count="0"/>
      <line num="1118" type="method" name="campaignClickDetailAIM" crap="2" count="0"/>
      <line num="1119" type="stmt" count="0"/>
      <line num="1120" type="stmt" count="0"/>
      <line num="1121" type="stmt" count="0"/>
      <line num="1122" type="stmt" count="0"/>
      <line num="1123" type="stmt" count="0"/>
      <line num="1124" type="stmt" count="0"/>
      <line num="1125" type="stmt" count="0"/>
      <line num="1142" type="method" name="campaignEmailStatsAIM" crap="2" count="0"/>
      <line num="1143" type="stmt" count="0"/>
      <line num="1144" type="stmt" count="0"/>
      <line num="1145" type="stmt" count="0"/>
      <line num="1146" type="stmt" count="0"/>
      <line num="1147" type="stmt" count="0"/>
      <line num="1166" type="method" name="campaignEmailStatsAIMAll" crap="2" count="0"/>
      <line num="1167" type="stmt" count="0"/>
      <line num="1168" type="stmt" count="0"/>
      <line num="1169" type="stmt" count="0"/>
      <line num="1170" type="stmt" count="0"/>
      <line num="1171" type="stmt" count="0"/>
      <line num="1172" type="stmt" count="0"/>
      <line num="1202" type="method" name="campaignEcommOrderAdd" crap="2" count="0"/>
      <line num="1203" type="stmt" count="0"/>
      <line num="1204" type="stmt" count="0"/>
      <line num="1205" type="stmt" count="0"/>
      <line num="1206" type="stmt" count="0"/>
      <line num="1264" type="method" name="lists" crap="2" count="0"/>
      <line num="1265" type="stmt" count="0"/>
      <line num="1266" type="stmt" count="0"/>
      <line num="1267" type="stmt" count="0"/>
      <line num="1268" type="stmt" count="0"/>
      <line num="1269" type="stmt" count="0"/>
      <line num="1270" type="stmt" count="0"/>
      <line num="1271" type="stmt" count="0"/>
      <line num="1272" type="stmt" count="0"/>
      <line num="1273" type="stmt" count="0"/>
      <line num="1295" type="method" name="listMergeVars" crap="2" count="0"/>
      <line num="1296" type="stmt" count="0"/>
      <line num="1297" type="stmt" count="0"/>
      <line num="1298" type="stmt" count="0"/>
      <line num="1299" type="stmt" count="0"/>
      <line num="1324" type="method" name="listMergeVarAdd" crap="2" count="0"/>
      <line num="1325" type="stmt" count="0"/>
      <line num="1326" type="stmt" count="0"/>
      <line num="1327" type="stmt" count="0"/>
      <line num="1328" type="stmt" count="0"/>
      <line num="1329" type="stmt" count="0"/>
      <line num="1330" type="stmt" count="0"/>
      <line num="1331" type="stmt" count="0"/>
      <line num="1332" type="stmt" count="0"/>
      <line num="1344" type="method" name="listMergeVarUpdate" crap="2" count="0"/>
      <line num="1345" type="stmt" count="0"/>
      <line num="1346" type="stmt" count="0"/>
      <line num="1347" type="stmt" count="0"/>
      <line num="1348" type="stmt" count="0"/>
      <line num="1349" type="stmt" count="0"/>
      <line num="1350" type="stmt" count="0"/>
      <line num="1363" type="method" name="listMergeVarDel" crap="2" count="0"/>
      <line num="1364" type="stmt" count="0"/>
      <line num="1365" type="stmt" count="0"/>
      <line num="1366" type="stmt" count="0"/>
      <line num="1367" type="stmt" count="0"/>
      <line num="1368" type="stmt" count="0"/>
      <line num="1379" type="method" name="listMergeVarReset" crap="2" count="0"/>
      <line num="1380" type="stmt" count="0"/>
      <line num="1381" type="stmt" count="0"/>
      <line num="1382" type="stmt" count="0"/>
      <line num="1383" type="stmt" count="0"/>
      <line num="1384" type="stmt" count="0"/>
      <line num="1403" type="method" name="listInterestGroupings" crap="2" count="0"/>
      <line num="1404" type="stmt" count="0"/>
      <line num="1405" type="stmt" count="0"/>
      <line num="1406" type="stmt" count="0"/>
      <line num="1407" type="stmt" count="0"/>
      <line num="1420" type="method" name="listInterestGroupAdd" crap="2" count="0"/>
      <line num="1421" type="stmt" count="0"/>
      <line num="1422" type="stmt" count="0"/>
      <line num="1423" type="stmt" count="0"/>
      <line num="1424" type="stmt" count="0"/>
      <line num="1425" type="stmt" count="0"/>
      <line num="1426" type="stmt" count="0"/>
      <line num="1438" type="method" name="listInterestGroupDel" crap="2" count="0"/>
      <line num="1439" type="stmt" count="0"/>
      <line num="1440" type="stmt" count="0"/>
      <line num="1441" type="stmt" count="0"/>
      <line num="1442" type="stmt" count="0"/>
      <line num="1443" type="stmt" count="0"/>
      <line num="1444" type="stmt" count="0"/>
      <line num="1456" type="method" name="listInterestGroupUpdate" crap="2" count="0"/>
      <line num="1457" type="stmt" count="0"/>
      <line num="1458" type="stmt" count="0"/>
      <line num="1459" type="stmt" count="0"/>
      <line num="1460" type="stmt" count="0"/>
      <line num="1461" type="stmt" count="0"/>
      <line num="1462" type="stmt" count="0"/>
      <line num="1463" type="stmt" count="0"/>
      <line num="1477" type="method" name="listInterestGroupingAdd" crap="2" count="0"/>
      <line num="1478" type="stmt" count="0"/>
      <line num="1479" type="stmt" count="0"/>
      <line num="1480" type="stmt" count="0"/>
      <line num="1481" type="stmt" count="0"/>
      <line num="1482" type="stmt" count="0"/>
      <line num="1483" type="stmt" count="0"/>
      <line num="1484" type="stmt" count="0"/>
      <line num="1496" type="method" name="listInterestGroupingUpdate" crap="2" count="0"/>
      <line num="1497" type="stmt" count="0"/>
      <line num="1498" type="stmt" count="0"/>
      <line num="1499" type="stmt" count="0"/>
      <line num="1500" type="stmt" count="0"/>
      <line num="1501" type="stmt" count="0"/>
      <line num="1502" type="stmt" count="0"/>
      <line num="1512" type="method" name="listInterestGroupingDel" crap="2" count="0"/>
      <line num="1513" type="stmt" count="0"/>
      <line num="1514" type="stmt" count="0"/>
      <line num="1515" type="stmt" count="0"/>
      <line num="1516" type="stmt" count="0"/>
      <line num="1537" type="method" name="listWebhooks" crap="2" count="0"/>
      <line num="1538" type="stmt" count="0"/>
      <line num="1539" type="stmt" count="0"/>
      <line num="1540" type="stmt" count="0"/>
      <line num="1541" type="stmt" count="0"/>
      <line num="1562" type="method" name="listWebhookAdd" crap="2" count="0"/>
      <line num="1563" type="stmt" count="0"/>
      <line num="1564" type="stmt" count="0"/>
      <line num="1565" type="stmt" count="0"/>
      <line num="1566" type="stmt" count="0"/>
      <line num="1567" type="stmt" count="0"/>
      <line num="1568" type="stmt" count="0"/>
      <line num="1569" type="stmt" count="0"/>
      <line num="1570" type="stmt" count="0"/>
      <line num="1571" type="stmt" count="0"/>
      <line num="1581" type="method" name="listWebhookDel" crap="2" count="0"/>
      <line num="1582" type="stmt" count="0"/>
      <line num="1583" type="stmt" count="0"/>
      <line num="1584" type="stmt" count="0"/>
      <line num="1585" type="stmt" count="0"/>
      <line num="1586" type="stmt" count="0"/>
      <line num="1601" type="method" name="listStaticSegments" crap="2" count="0"/>
      <line num="1602" type="stmt" count="0"/>
      <line num="1603" type="stmt" count="0"/>
      <line num="1604" type="stmt" count="0"/>
      <line num="1605" type="stmt" count="0"/>
      <line num="1618" type="method" name="listStaticSegmentAdd" crap="2" count="0"/>
      <line num="1619" type="stmt" count="0"/>
      <line num="1620" type="stmt" count="0"/>
      <line num="1621" type="stmt" count="0"/>
      <line num="1622" type="stmt" count="0"/>
      <line num="1623" type="stmt" count="0"/>
      <line num="1633" type="method" name="listStaticSegmentReset" crap="2" count="0"/>
      <line num="1634" type="stmt" count="0"/>
      <line num="1635" type="stmt" count="0"/>
      <line num="1636" type="stmt" count="0"/>
      <line num="1637" type="stmt" count="0"/>
      <line num="1638" type="stmt" count="0"/>
      <line num="1648" type="method" name="listStaticSegmentDel" crap="2" count="0"/>
      <line num="1649" type="stmt" count="0"/>
      <line num="1650" type="stmt" count="0"/>
      <line num="1651" type="stmt" count="0"/>
      <line num="1652" type="stmt" count="0"/>
      <line num="1653" type="stmt" count="0"/>
      <line num="1670" type="method" name="listStaticSegmentMembersAdd" crap="2" count="0"/>
      <line num="1671" type="stmt" count="0"/>
      <line num="1672" type="stmt" count="0"/>
      <line num="1673" type="stmt" count="0"/>
      <line num="1674" type="stmt" count="0"/>
      <line num="1675" type="stmt" count="0"/>
      <line num="1676" type="stmt" count="0"/>
      <line num="1693" type="method" name="listStaticSegmentMembersDel" crap="2" count="0"/>
      <line num="1694" type="stmt" count="0"/>
      <line num="1695" type="stmt" count="0"/>
      <line num="1696" type="stmt" count="0"/>
      <line num="1697" type="stmt" count="0"/>
      <line num="1698" type="stmt" count="0"/>
      <line num="1699" type="stmt" count="0"/>
      <line num="1746" type="method" name="listSubscribe" crap="2" count="0"/>
      <line num="1747" type="stmt" count="0"/>
      <line num="1748" type="stmt" count="0"/>
      <line num="1749" type="stmt" count="0"/>
      <line num="1750" type="stmt" count="0"/>
      <line num="1751" type="stmt" count="0"/>
      <line num="1752" type="stmt" count="0"/>
      <line num="1753" type="stmt" count="0"/>
      <line num="1754" type="stmt" count="0"/>
      <line num="1755" type="stmt" count="0"/>
      <line num="1756" type="stmt" count="0"/>
      <line num="1757" type="stmt" count="0"/>
      <line num="1773" type="method" name="listUnsubscribe" crap="2" count="0"/>
      <line num="1774" type="stmt" count="0"/>
      <line num="1775" type="stmt" count="0"/>
      <line num="1776" type="stmt" count="0"/>
      <line num="1777" type="stmt" count="0"/>
      <line num="1778" type="stmt" count="0"/>
      <line num="1779" type="stmt" count="0"/>
      <line num="1780" type="stmt" count="0"/>
      <line num="1781" type="stmt" count="0"/>
      <line num="1797" type="method" name="listUpdateMember" crap="2" count="0"/>
      <line num="1798" type="stmt" count="0"/>
      <line num="1799" type="stmt" count="0"/>
      <line num="1800" type="stmt" count="0"/>
      <line num="1801" type="stmt" count="0"/>
      <line num="1802" type="stmt" count="0"/>
      <line num="1803" type="stmt" count="0"/>
      <line num="1804" type="stmt" count="0"/>
      <line num="1805" type="stmt" count="0"/>
      <line num="1831" type="method" name="listBatchSubscribe" crap="2" count="0"/>
      <line num="1832" type="stmt" count="0"/>
      <line num="1833" type="stmt" count="0"/>
      <line num="1834" type="stmt" count="0"/>
      <line num="1835" type="stmt" count="0"/>
      <line num="1836" type="stmt" count="0"/>
      <line num="1837" type="stmt" count="0"/>
      <line num="1838" type="stmt" count="0"/>
      <line num="1839" type="stmt" count="0"/>
      <line num="1861" type="method" name="listBatchUnsubscribe" crap="2" count="0"/>
      <line num="1862" type="stmt" count="0"/>
      <line num="1863" type="stmt" count="0"/>
      <line num="1864" type="stmt" count="0"/>
      <line num="1865" type="stmt" count="0"/>
      <line num="1866" type="stmt" count="0"/>
      <line num="1867" type="stmt" count="0"/>
      <line num="1868" type="stmt" count="0"/>
      <line num="1869" type="stmt" count="0"/>
      <line num="1892" type="method" name="listMembers" crap="2" count="0"/>
      <line num="1893" type="stmt" count="0"/>
      <line num="1894" type="stmt" count="0"/>
      <line num="1895" type="stmt" count="0"/>
      <line num="1896" type="stmt" count="0"/>
      <line num="1897" type="stmt" count="0"/>
      <line num="1898" type="stmt" count="0"/>
      <line num="1899" type="stmt" count="0"/>
      <line num="1900" type="stmt" count="0"/>
      <line num="1901" type="stmt" count="0"/>
      <line num="1956" type="method" name="listMemberInfo" crap="2" count="0"/>
      <line num="1957" type="stmt" count="0"/>
      <line num="1958" type="stmt" count="0"/>
      <line num="1959" type="stmt" count="0"/>
      <line num="1960" type="stmt" count="0"/>
      <line num="1961" type="stmt" count="0"/>
      <line num="1981" type="method" name="listMemberActivity" crap="2" count="0"/>
      <line num="1982" type="stmt" count="0"/>
      <line num="1983" type="stmt" count="0"/>
      <line num="1984" type="stmt" count="0"/>
      <line num="1985" type="stmt" count="0"/>
      <line num="1986" type="stmt" count="0"/>
      <line num="2007" type="method" name="listAbuseReports" crap="2" count="0"/>
      <line num="2008" type="stmt" count="0"/>
      <line num="2009" type="stmt" count="0"/>
      <line num="2010" type="stmt" count="0"/>
      <line num="2011" type="stmt" count="0"/>
      <line num="2012" type="stmt" count="0"/>
      <line num="2013" type="stmt" count="0"/>
      <line num="2014" type="stmt" count="0"/>
      <line num="2030" type="method" name="listGrowthHistory" crap="2" count="0"/>
      <line num="2031" type="stmt" count="0"/>
      <line num="2032" type="stmt" count="0"/>
      <line num="2033" type="stmt" count="0"/>
      <line num="2034" type="stmt" count="0"/>
      <line num="2056" type="method" name="listActivity" crap="2" count="0"/>
      <line num="2057" type="stmt" count="0"/>
      <line num="2058" type="stmt" count="0"/>
      <line num="2059" type="stmt" count="0"/>
      <line num="2060" type="stmt" count="0"/>
      <line num="2074" type="method" name="listLocations" crap="2" count="0"/>
      <line num="2075" type="stmt" count="0"/>
      <line num="2076" type="stmt" count="0"/>
      <line num="2077" type="stmt" count="0"/>
      <line num="2078" type="stmt" count="0"/>
      <line num="2102" type="method" name="listClients" crap="2" count="0"/>
      <line num="2103" type="stmt" count="0"/>
      <line num="2104" type="stmt" count="0"/>
      <line num="2105" type="stmt" count="0"/>
      <line num="2106" type="stmt" count="0"/>
      <line num="2131" type="method" name="templates" crap="2" count="0"/>
      <line num="2132" type="stmt" count="0"/>
      <line num="2133" type="stmt" count="0"/>
      <line num="2134" type="stmt" count="0"/>
      <line num="2135" type="stmt" count="0"/>
      <line num="2136" type="stmt" count="0"/>
      <line num="2137" type="stmt" count="0"/>
      <line num="2138" type="stmt" count="0"/>
      <line num="2139" type="stmt" count="0"/>
      <line num="2154" type="method" name="templateInfo" crap="2" count="0"/>
      <line num="2155" type="stmt" count="0"/>
      <line num="2156" type="stmt" count="0"/>
      <line num="2157" type="stmt" count="0"/>
      <line num="2158" type="stmt" count="0"/>
      <line num="2159" type="stmt" count="0"/>
      <line num="2172" type="method" name="templateAdd" crap="2" count="0"/>
      <line num="2173" type="stmt" count="0"/>
      <line num="2174" type="stmt" count="0"/>
      <line num="2175" type="stmt" count="0"/>
      <line num="2176" type="stmt" count="0"/>
      <line num="2177" type="stmt" count="0"/>
      <line num="2191" type="method" name="templateUpdate" crap="2" count="0"/>
      <line num="2192" type="stmt" count="0"/>
      <line num="2193" type="stmt" count="0"/>
      <line num="2194" type="stmt" count="0"/>
      <line num="2195" type="stmt" count="0"/>
      <line num="2196" type="stmt" count="0"/>
      <line num="2206" type="method" name="templateDel" crap="2" count="0"/>
      <line num="2207" type="stmt" count="0"/>
      <line num="2208" type="stmt" count="0"/>
      <line num="2209" type="stmt" count="0"/>
      <line num="2210" type="stmt" count="0"/>
      <line num="2220" type="method" name="templateUndel" crap="2" count="0"/>
      <line num="2221" type="stmt" count="0"/>
      <line num="2222" type="stmt" count="0"/>
      <line num="2223" type="stmt" count="0"/>
      <line num="2224" type="stmt" count="0"/>
      <line num="2299" type="method" name="getAccountDetails" crap="2" count="0"/>
      <line num="2300" type="stmt" count="0"/>
      <line num="2301" type="stmt" count="0"/>
      <line num="2302" type="stmt" count="0"/>
      <line num="2303" type="stmt" count="0"/>
      <line num="2304" type="stmt" count="0"/>
      <line num="2316" type="method" name="getVerifiedDomains" crap="2" count="0"/>
      <line num="2317" type="stmt" count="0"/>
      <line num="2318" type="stmt" count="0"/>
      <line num="2319" type="stmt" count="0"/>
      <line num="2331" type="method" name="generateText" crap="2" count="0"/>
      <line num="2332" type="stmt" count="0"/>
      <line num="2333" type="stmt" count="0"/>
      <line num="2334" type="stmt" count="0"/>
      <line num="2335" type="stmt" count="0"/>
      <line num="2336" type="stmt" count="0"/>
      <line num="2348" type="method" name="inlineCss" crap="2" count="0"/>
      <line num="2349" type="stmt" count="0"/>
      <line num="2350" type="stmt" count="0"/>
      <line num="2351" type="stmt" count="0"/>
      <line num="2352" type="stmt" count="0"/>
      <line num="2353" type="stmt" count="0"/>
      <line num="2369" type="method" name="folders" crap="2" count="0"/>
      <line num="2370" type="stmt" count="0"/>
      <line num="2371" type="stmt" count="0"/>
      <line num="2372" type="stmt" count="0"/>
      <line num="2373" type="stmt" count="0"/>
      <line num="2386" type="method" name="folderAdd" crap="2" count="0"/>
      <line num="2387" type="stmt" count="0"/>
      <line num="2388" type="stmt" count="0"/>
      <line num="2389" type="stmt" count="0"/>
      <line num="2390" type="stmt" count="0"/>
      <line num="2391" type="stmt" count="0"/>
      <line num="2403" type="method" name="folderUpdate" crap="2" count="0"/>
      <line num="2404" type="stmt" count="0"/>
      <line num="2405" type="stmt" count="0"/>
      <line num="2406" type="stmt" count="0"/>
      <line num="2407" type="stmt" count="0"/>
      <line num="2408" type="stmt" count="0"/>
      <line num="2409" type="stmt" count="0"/>
      <line num="2420" type="method" name="folderDel" crap="2" count="0"/>
      <line num="2421" type="stmt" count="0"/>
      <line num="2422" type="stmt" count="0"/>
      <line num="2423" type="stmt" count="0"/>
      <line num="2424" type="stmt" count="0"/>
      <line num="2425" type="stmt" count="0"/>
      <line num="2456" type="method" name="ecommOrders" crap="2" count="0"/>
      <line num="2457" type="stmt" count="0"/>
      <line num="2458" type="stmt" count="0"/>
      <line num="2459" type="stmt" count="0"/>
      <line num="2460" type="stmt" count="0"/>
      <line num="2461" type="stmt" count="0"/>
      <line num="2462" type="stmt" count="0"/>
      <line num="2493" type="method" name="ecommOrderAdd" crap="2" count="0"/>
      <line num="2494" type="stmt" count="0"/>
      <line num="2495" type="stmt" count="0"/>
      <line num="2496" type="stmt" count="0"/>
      <line num="2497" type="stmt" count="0"/>
      <line num="2508" type="method" name="ecommOrderDel" crap="2" count="0"/>
      <line num="2509" type="stmt" count="0"/>
      <line num="2510" type="stmt" count="0"/>
      <line num="2511" type="stmt" count="0"/>
      <line num="2512" type="stmt" count="0"/>
      <line num="2513" type="stmt" count="0"/>
      <line num="2523" type="method" name="listsForEmail" crap="2" count="0"/>
      <line num="2524" type="stmt" count="0"/>
      <line num="2525" type="stmt" count="0"/>
      <line num="2526" type="stmt" count="0"/>
      <line num="2527" type="stmt" count="0"/>
      <line num="2540" type="method" name="campaignsForEmail" crap="2" count="0"/>
      <line num="2541" type="stmt" count="0"/>
      <line num="2542" type="stmt" count="0"/>
      <line num="2543" type="stmt" count="0"/>
      <line num="2544" type="stmt" count="0"/>
      <line num="2545" type="stmt" count="0"/>
      <line num="2560" type="method" name="chimpChatter" crap="2" count="0"/>
      <line num="2561" type="stmt" count="0"/>
      <line num="2562" type="stmt" count="0"/>
      <line num="2563" type="stmt" count="0"/>
      <line num="2581" type="method" name="searchMembers" crap="2" count="0"/>
      <line num="2582" type="stmt" count="0"/>
      <line num="2583" type="stmt" count="0"/>
      <line num="2584" type="stmt" count="0"/>
      <line num="2585" type="stmt" count="0"/>
      <line num="2586" type="stmt" count="0"/>
      <line num="2587" type="stmt" count="0"/>
      <line num="2604" type="method" name="searchCampaigns" crap="2" count="0"/>
      <line num="2605" type="stmt" count="0"/>
      <line num="2606" type="stmt" count="0"/>
      <line num="2607" type="stmt" count="0"/>
      <line num="2608" type="stmt" count="0"/>
      <line num="2609" type="stmt" count="0"/>
      <line num="2610" type="stmt" count="0"/>
      <line num="2611" type="stmt" count="0"/>
      <line num="2628" type="method" name="apikeys" crap="2" count="0"/>
      <line num="2629" type="stmt" count="0"/>
      <line num="2630" type="stmt" count="0"/>
      <line num="2631" type="stmt" count="0"/>
      <line num="2632" type="stmt" count="0"/>
      <line num="2633" type="stmt" count="0"/>
      <line num="2634" type="stmt" count="0"/>
      <line num="2646" type="method" name="apikeyAdd" crap="2" count="0"/>
      <line num="2647" type="stmt" count="0"/>
      <line num="2648" type="stmt" count="0"/>
      <line num="2649" type="stmt" count="0"/>
      <line num="2650" type="stmt" count="0"/>
      <line num="2651" type="stmt" count="0"/>
      <line num="2667" type="method" name="apikeyExpire" crap="2" count="0"/>
      <line num="2668" type="stmt" count="0"/>
      <line num="2669" type="stmt" count="0"/>
      <line num="2670" type="stmt" count="0"/>
      <line num="2671" type="stmt" count="0"/>
      <line num="2672" type="stmt" count="0"/>
      <line num="2684" type="method" name="ping" crap="2" count="0"/>
      <line num="2685" type="stmt" count="0"/>
      <line num="2686" type="stmt" count="0"/>
      <line num="2687" type="stmt" count="0"/>
      <line num="2699" type="method" name="deviceRegister" crap="2" count="0"/>
      <line num="2700" type="stmt" count="0"/>
      <line num="2701" type="stmt" count="0"/>
      <line num="2702" type="stmt" count="0"/>
      <line num="2703" type="stmt" count="0"/>
      <line num="2704" type="stmt" count="0"/>
      <line num="2716" type="method" name="deviceUnregister" crap="2" count="0"/>
      <line num="2717" type="stmt" count="0"/>
      <line num="2718" type="stmt" count="0"/>
      <line num="2719" type="stmt" count="0"/>
      <line num="2720" type="stmt" count="0"/>
      <line num="2721" type="stmt" count="0"/>
      <line num="2737" type="method" name="gmonkeyAdd" crap="2" count="0"/>
      <line num="2738" type="stmt" count="0"/>
      <line num="2739" type="stmt" count="0"/>
      <line num="2740" type="stmt" count="0"/>
      <line num="2741" type="stmt" count="0"/>
      <line num="2742" type="stmt" count="0"/>
      <line num="2758" type="method" name="gmonkeyDel" crap="2" count="0"/>
      <line num="2759" type="stmt" count="0"/>
      <line num="2760" type="stmt" count="0"/>
      <line num="2761" type="stmt" count="0"/>
      <line num="2762" type="stmt" count="0"/>
      <line num="2763" type="stmt" count="0"/>
      <line num="2779" type="method" name="gmonkeyMembers" crap="2" count="0"/>
      <line num="2780" type="stmt" count="0"/>
      <line num="2781" type="stmt" count="0"/>
      <line num="2782" type="stmt" count="0"/>
      <line num="2810" type="method" name="gmonkeyActivity" crap="2" count="0"/>
      <line num="2811" type="stmt" count="0"/>
      <line num="2812" type="stmt" count="0"/>
      <line num="2813" type="stmt" count="0"/>
      <line num="2820" type="method" name="callMethod" crap="2" count="0"/>
      <line num="2821" type="stmt" count="0"/>
      <line num="2822" type="stmt" count="0"/>
      <line num="2823" type="stmt" count="0"/>
      <line num="2829" type="method" name="callServer" crap="380" count="0"/>
      <line num="2830" type="stmt" count="0"/>
      <line num="2831" type="stmt" count="0"/>
      <line num="2832" type="stmt" count="0"/>
      <line num="2833" type="stmt" count="0"/>
      <line num="2834" type="stmt" count="0"/>
      <line num="2835" type="stmt" count="0"/>
      <line num="2836" type="stmt" count="0"/>
      <line num="2838" type="stmt" count="0"/>
      <line num="2839" type="stmt" count="0"/>
      <line num="2840" type="stmt" count="0"/>
      <line num="2842" type="stmt" count="0"/>
      <line num="2843" type="stmt" count="0"/>
      <line num="2844" type="stmt" count="0"/>
      <line num="2845" type="stmt" count="0"/>
      <line num="2846" type="stmt" count="0"/>
      <line num="2847" type="stmt" count="0"/>
      <line num="2848" type="stmt" count="0"/>
      <line num="2849" type="stmt" count="0"/>
      <line num="2850" type="stmt" count="0"/>
      <line num="2852" type="stmt" count="0"/>
      <line num="2853" type="stmt" count="0"/>
      <line num="2854" type="stmt" count="0"/>
      <line num="2855" type="stmt" count="0"/>
      <line num="2856" type="stmt" count="0"/>
      <line num="2857" type="stmt" count="0"/>
      <line num="2858" type="stmt" count="0"/>
      <line num="2860" type="stmt" count="0"/>
      <line num="2861" type="stmt" count="0"/>
      <line num="2862" type="stmt" count="0"/>
      <line num="2863" type="stmt" count="0"/>
      <line num="2864" type="stmt" count="0"/>
      <line num="2865" type="stmt" count="0"/>
      <line num="2866" type="stmt" count="0"/>
      <line num="2867" type="stmt" count="0"/>
      <line num="2868" type="stmt" count="0"/>
      <line num="2869" type="stmt" count="0"/>
      <line num="2870" type="stmt" count="0"/>
      <line num="2871" type="stmt" count="0"/>
      <line num="2873" type="stmt" count="0"/>
      <line num="2874" type="stmt" count="0"/>
      <line num="2875" type="stmt" count="0"/>
      <line num="2876" type="stmt" count="0"/>
      <line num="2877" type="stmt" count="0"/>
      <line num="2878" type="stmt" count="0"/>
      <line num="2879" type="stmt" count="0"/>
      <line num="2880" type="stmt" count="0"/>
      <line num="2881" type="stmt" count="0"/>
      <line num="2882" type="stmt" count="0"/>
      <line num="2883" type="stmt" count="0"/>
      <line num="2884" type="stmt" count="0"/>
      <line num="2885" type="stmt" count="0"/>
      <line num="2886" type="stmt" count="0"/>
      <line num="2887" type="stmt" count="0"/>
      <line num="2889" type="stmt" count="0"/>
      <line num="2890" type="stmt" count="0"/>
      <line num="2891" type="stmt" count="0"/>
      <line num="2892" type="stmt" count="0"/>
      <line num="2893" type="stmt" count="0"/>
      <line num="2894" type="stmt" count="0"/>
      <line num="2895" type="stmt" count="0"/>
      <line num="2896" type="stmt" count="0"/>
      <line num="2897" type="stmt" count="0"/>
      <line num="2898" type="stmt" count="0"/>
      <line num="2900" type="stmt" count="0"/>
      <line num="2902" type="stmt" count="0"/>
      <line num="2903" type="stmt" count="0"/>
      <line num="2904" type="stmt" count="0"/>
      <line num="2905" type="stmt" count="0"/>
      <line num="2906" type="stmt" count="0"/>
      <line num="2907" type="stmt" count="0"/>
      <line num="2908" type="stmt" count="0"/>
      <line num="2909" type="stmt" count="0"/>
      <line num="2910" type="stmt" count="0"/>
      <line num="2911" type="stmt" count="0"/>
      <line num="2912" type="stmt" count="0"/>
      <line num="2913" type="stmt" count="0"/>
      <line num="2914" type="stmt" count="0"/>
      <line num="2915" type="stmt" count="0"/>
      <line num="2916" type="stmt" count="0"/>
      <line num="2918" type="stmt" count="0"/>
      <line num="2919" type="stmt" count="0"/>
      <metrics loc="2922" ncloc="916" classes="1" methods="111" coveredmethods="0" conditionals="0" coveredconditionals="0" statements="782" coveredstatements="0" elements="893" coveredelements="0"/>
    </file>
    <file name="/var/www/tw/application/models/Event.php">
      <class name="Event" namespace="global">
        <metrics methods="2" coveredmethods="1" conditionals="0" coveredconditionals="0" statements="32" coveredstatements="2" elements="34" coveredelements="3"/>
      </class>
      <line num="38" type="method" name="__construct" crap="1" count="1"/>
      <line num="40" type="stmt" count="1"/>
      <line num="41" type="stmt" count="1"/>
      <line num="43" type="method" name="add" crap="30" count="0"/>
      <line num="45" type="stmt" count="0"/>
      <line num="46" type="stmt" count="0"/>
      <line num="47" type="stmt" count="0"/>
      <line num="48" type="stmt" count="0"/>
      <line num="50" type="stmt" count="0"/>
      <line num="52" type="stmt" count="0"/>
      <line num="53" type="stmt" count="0"/>
      <line num="54" type="stmt" count="0"/>
      <line num="57" type="stmt" count="0"/>
      <line num="58" type="stmt" count="0"/>
      <line num="59" type="stmt" count="0"/>
      <line num="60" type="stmt" count="0"/>
      <line num="61" type="stmt" count="0"/>
      <line num="62" type="stmt" count="0"/>
      <line num="63" type="stmt" count="0"/>
      <line num="64" type="stmt" count="0"/>
      <line num="66" type="stmt" count="0"/>
      <line num="68" type="stmt" count="0"/>
      <line num="70" type="stmt" count="0"/>
      <line num="72" type="stmt" count="0"/>
      <line num="74" type="stmt" count="0"/>
      <line num="75" type="stmt" count="0"/>
      <line num="76" type="stmt" count="0"/>
      <line num="77" type="stmt" count="0"/>
      <line num="78" type="stmt" count="0"/>
      <line num="79" type="stmt" count="0"/>
      <line num="80" type="stmt" count="0"/>
      <line num="82" type="stmt" count="0"/>
      <line num="83" type="stmt" count="0"/>
      <line num="84" type="stmt" count="0"/>
      <metrics loc="84" ncloc="84" classes="1" methods="2" coveredmethods="1" conditionals="0" coveredconditionals="0" statements="32" coveredstatements="2" elements="34" coveredelements="3"/>
    </file>
    <file name="/var/www/tw/application/models/Measure.php">
      <class name="Measure" namespace="global">
        <metrics methods="9" coveredmethods="0" conditionals="0" coveredconditionals="0" statements="105" coveredstatements="0" elements="114" coveredelements="0"/>
      </class>
      <line num="5" type="method" name="__construct" crap="2" count="0"/>
      <line num="6" type="stmt" count="0"/>
      <line num="7" type="stmt" count="0"/>
      <line num="8" type="stmt" count="0"/>
      <line num="9" type="stmt" count="0"/>
      <line num="11" type="method" name="getMeasuresByWatchId" crap="2" count="0"/>
      <line num="12" type="stmt" count="0"/>
      <line num="13" type="stmt" count="0"/>
      <line num="14" type="stmt" count="0"/>
      <line num="17" type="method" name="getMeasuresByUser" crap="90" count="0"/>
      <line num="18" type="stmt" count="0"/>
      <line num="20" type="stmt" count="0"/>
      <line num="21" type="stmt" count="0"/>
      <line num="23" type="stmt" count="0"/>
      <line num="25" type="stmt" count="0"/>
      <line num="26" type="stmt" count="0"/>
      <line num="28" type="stmt" count="0"/>
      <line num="29" type="stmt" count="0"/>
      <line num="30" type="stmt" count="0"/>
      <line num="31" type="stmt" count="0"/>
[...]
      <line num="131" type="stmt" count="0"/>
      <line num="132" type="stmt" count="0"/>
      <line num="133" type="stmt" count="0"/>
      <line num="134" type="stmt" count="0"/>
      <line num="135" type="stmt" count="0"/>
      <line num="136" type="stmt" count="0"/>
      <line num="137" type="stmt" count="0"/>
      <line num="138" type="stmt" count="0"/>
      <line num="139" type="stmt" count="0"/>
      <line num="140" type="stmt" count="0"/>
      <line num="141" type="stmt" count="0"/>
      <line num="142" type="stmt" count="0"/>
      <line num="143" type="stmt" count="0"/>
      <line num="144" type="stmt" count="0"/>
      <line num="145" type="stmt" count="0"/>
      <line num="146" type="stmt" count="0"/>
      <line num="147" type="stmt" count="0"/>
      <line num="148" type="stmt" count="0"/>
      <line num="149" type="stmt" count="0"/>
      <line num="150" type="stmt" count="0"/>
      <line num="151" type="stmt" count="0"/>
      <line num="152" type="stmt" count="0"/>
      <line num="153" type="stmt" count="0"/>
      <line num="154" type="stmt" count="0"/>
      <line num="155" type="stmt" count="0"/>
      <line num="156" type="stmt" count="0"/>
      <line num="157" type="stmt" count="0"/>
      <line num="158" type="stmt" count="0"/>
      <line num="159" type="stmt" count="0"/>
      <line num="160" type="stmt" count="0"/>
      <line num="161" type="stmt" count="0"/>
      <line num="162" type="stmt" count="0"/>
      <line num="163" type="stmt" count="0"/>
      <line num="164" type="stmt" count="0"/>
      <line num="165" type="stmt" count="0"/>
      <line num="166" type="stmt" count="0"/>
      <line num="167" type="stmt" count="0"/>
      <line num="168" type="stmt" count="0"/>
      <line num="169" type="stmt" count="0"/>
      <line num="170" type="stmt" count="0"/>
      <line num="171" type="stmt" count="0"/>
      <line num="172" type="stmt" count="0"/>
      <line num="173" type="stmt" count="0"/>
      <line num="174" type="stmt" count="0"/>
      <line num="175" type="stmt" count="0"/>
      <line num="176" type="stmt" count="0"/>
      <line num="177" type="stmt" count="0"/>
      <line num="178" type="stmt" count="0"/>
      <line num="179" type="stmt" count="0"/>
      <line num="180" type="stmt" count="0"/>
      <line num="181" type="stmt" count="0"/>
      <line num="182" type="stmt" count="0"/>
      <line num="183" type="stmt" count="0"/>
      <line num="184" type="stmt" count="0"/>
      <line num="185" type="stmt" count="0"/>
      <line num="186" type="stmt" count="0"/>
      <line num="187" type="stmt" count="0"/>
      <line num="188" type="stmt" count="0"/>
      <line num="189" type="stmt" count="0"/>
      <line num="190" type="stmt" count="0"/>
      <line num="191" type="stmt" count="0"/>
      <line num="192" type="stmt" count="0"/>
      <line num="193" type="stmt" count="0"/>
      <line num="194" type="stmt" count="0"/>
      <line num="195" type="stmt" count="0"/>
      <line num="196" type="stmt" count="0"/>
      <line num="197" type="stmt" count="0"/>
      <line num="198" type="stmt" count="0"/>
      <line num="199" type="stmt" count="0"/>
      <line num="200" type="stmt" count="0"/>
      <line num="201" type="stmt" count="0"/>
      <line num="202" type="stmt" count="0"/>
      <line num="203" type="stmt" count="0"/>
      <line num="204" type="stmt" count="0"/>
      <line num="205" type="stmt" count="0"/>
      <line num="206" type="stmt" count="0"/>
      <line num="207" type="stmt" count="0"/>
      <line num="208" type="stmt" count="0"/>
      <line num="209" type="stmt" count="0"/>
      <line num="210" type="stmt" count="0"/>
      <line num="211" type="stmt" count="0"/>
      <line num="212" type="stmt" count="0"/>
      <line num="213" type="stmt" count="0"/>
      <line num="214" type="stmt" count="0"/>
      <line num="215" type="stmt" count="0"/>
      <line num="216" type="stmt" count="0"/>
      <line num="217" type="stmt" count="0"/>
      <line num="218" type="stmt" count="0"/>
      <line num="219" type="stmt" count="0"/>
      <line num="220" type="stmt" count="0"/>
      <line num="221" type="stmt" count="0"/>
      <line num="222" type="stmt" count="0"/>
      <line num="223" type="stmt" count="0"/>
      <line num="224" type="stmt" count="0"/>
      <line num="225" type="stmt" count="0"/>
      <line num="226" type="stmt" count="0"/>
      <line num="227" type="stmt" count="0"/>
      <line num="228" type="stmt" count="0"/>
      <line num="229" type="stmt" count="0"/>
      <line num="230" type="stmt" count="0"/>
      <line num="231" type="stmt" count="0"/>
      <line num="232" type="stmt" count="0"/>
      <line num="233" type="stmt" count="0"/>
      <line num="234" type="stmt" count="0"/>
      <line num="235" type="stmt" count="0"/>
      <line num="236" type="stmt" count="0"/>
      <line num="237" type="stmt" count="0"/>
      <line num="238" type="stmt" count="0"/>
      <line num="239" type="stmt" count="0"/>
      <line num="240" type="stmt" count="0"/>
      <line num="241" type="stmt" count="0"/>
      <line num="242" type="stmt" count="0"/>
      <line num="243" type="stmt" count="0"/>
      <line num="244" type="stmt" count="0"/>
      <line num="245" type="stmt" count="0"/>
      <line num="246" type="stmt" count="0"/>
      <line num="247" type="stmt" count="0"/>
      <line num="248" type="stmt" count="0"/>
      <line num="249" type="stmt" count="0"/>
      <line num="250" type="stmt" count="0"/>
      <line num="251" type="stmt" count="0"/>
      <line num="252" type="stmt" count="0"/>
      <line num="253" type="stmt" count="0"/>
      <line num="254" type="stmt" count="0"/>
      <line num="255" type="stmt" count="0"/>
      <line num="256" type="stmt" count="0"/>
      <line num="257" type="stmt" count="0"/>
      <line num="258" type="stmt" count="0"/>
      <line num="259" type="stmt" count="0"/>
      <line num="260" type="stmt" count="0"/>
      <line num="261" type="stmt" count="0"/>
      <line num="262" type="stmt" count="0"/>
      <line num="263" type="stmt" count="0"/>
      <line num="264" type="stmt" count="0"/>
      <line num="265" type="stmt" count="0"/>
      <line num="266" type="stmt" count="0"/>
      <line num="267" type="stmt" count="0"/>
      <line num="268" type="stmt" count="0"/>
      <line num="269" type="stmt" count="0"/>
      <line num="270" type="stmt" count="0"/>
      <line num="271" type="stmt" count="0"/>
      <line num="272" type="stmt" count="0"/>
      <line num="273" type="stmt" count="0"/>
      <line num="274" type="stmt" count="0"/>
      <line num="275" type="stmt" count="0"/>
      <line num="276" type="stmt" count="0"/>
      <line num="277" type="stmt" count="0"/>
      <line num="278" type="stmt" count="0"/>
      <line num="279" type="stmt" count="0"/>
      <line num="280" type="stmt" count="0"/>
      <line num="281" type="stmt" count="0"/>
      <line num="282" type="stmt" count="0"/>
      <line num="283" type="stmt" count="0"/>
      <line num="284" type="stmt" count="0"/>
      <line num="285" type="stmt" count="0"/>
      <line num="286" type="stmt" count="0"/>
      <line num="287" type="stmt" count="0"/>
      <line num="288" type="stmt" count="0"/>
      <line num="289" type="stmt" count="0"/>
      <line num="290" type="stmt" count="0"/>
      <line num="291" type="stmt" count="0"/>
      <line num="292" type="stmt" count="0"/>
      <line num="293" type="stmt" count="0"/>
      <line num="294" type="stmt" count="0"/>
      <line num="295" type="stmt" count="0"/>
      <line num="296" type="stmt" count="0"/>
      <line num="297" type="stmt" count="0"/>
      <line num="298" type="stmt" count="0"/>
      <line num="299" type="stmt" count="0"/>
      <line num="300" type="stmt" count="0"/>
      <line num="301" type="stmt" count="0"/>
      <line num="302" type="stmt" count="0"/>
      <line num="303" type="stmt" count="0"/>
      <line num="304" type="stmt" count="0"/>
      <line num="305" type="stmt" count="0"/>
      <line num="306" type="stmt" count="0"/>
      <line num="307" type="stmt" count="0"/>
      <line num="308" type="stmt" count="0"/>
      <line num="309" type="stmt" count="0"/>
      <line num="310" type="stmt" count="0"/>
      <line num="311" type="stmt" count="0"/>
      <line num="312" type="stmt" count="0"/>
      <line num="313" type="stmt" count="0"/>
      <line num="314" type="stmt" count="0"/>
      <line num="315" type="stmt" count="0"/>
      <line num="316" type="stmt" count="0"/>
      <line num="317" type="stmt" count="0"/>
      <line num="318" type="stmt" count="0"/>
      <line num="319" type="stmt" count="0"/>
      <line num="320" type="stmt" count="0"/>
      <line num="321" type="stmt" count="0"/>
      <line num="322" type="stmt" count="0"/>
      <line num="323" type="stmt" count="0"/>
      <line num="324" type="stmt" count="0"/>
      <line num="325" type="stmt" count="0"/>
      <line num="326" type="stmt" count="0"/>
      <line num="327" type="stmt" count="0"/>
      <line num="328" type="stmt" count="0"/>
      <line num="329" type="stmt" count="0"/>
      <line num="330" type="stmt" count="0"/>
      <line num="331" type="stmt" count="0"/>
      <line num="332" type="stmt" count="0"/>
      <line num="333" type="stmt" count="0"/>
      <line num="334" type="stmt" count="0"/>
      <line num="335" type="stmt" count="0"/>
      <line num="336" type="stmt" count="0"/>
      <line num="337" type="stmt" count="0"/>
      <line num="338" type="stmt" count="0"/>
      <line num="339" type="stmt" count="0"/>
      <line num="340" type="stmt" count="0"/>
      <line num="341" type="stmt" count="0"/>
      <line num="342" type="stmt" count="0"/>
      <line num="343" type="stmt" count="0"/>
      <line num="344" type="stmt" count="0"/>
      <line num="345" type="stmt" count="0"/>
      <line num="346" type="stmt" count="0"/>
      <line num="347" type="stmt" count="0"/>
      <line num="348" type="stmt" count="0"/>
      <line num="349" type="stmt" count="0"/>
      <line num="350" type="stmt" count="0"/>
      <line num="351" type="stmt" count="0"/>
      <line num="352" type="stmt" count="0"/>
      <line num="353" type="stmt" count="0"/>
      <line num="354" type="stmt" count="0"/>
      <line num="355" type="stmt" count="0"/>
      <line num="356" type="stmt" count="0"/>
      <line num="357" type="stmt" count="0"/>
      <line num="358" type="stmt" count="0"/>
      <line num="359" type="stmt" count="0"/>
      <line num="360" type="stmt" count="0"/>
      <line num="361" type="stmt" count="0"/>
      <line num="362" type="stmt" count="0"/>
      <line num="363" type="stmt" count="0"/>
      <line num="364" type="stmt" count="0"/>
      <line num="365" type="stmt" count="0"/>
      <line num="366" type="stmt" count="0"/>
      <line num="367" type="stmt" count="0"/>
      <line num="368" type="stmt" count="0"/>
      <line num="369" type="stmt" count="0"/>
      <line num="370" type="stmt" count="0"/>
      <line num="371" type="stmt" count="0"/>
      <line num="372" type="stmt" count="0"/>
      <line num="373" type="stmt" count="0"/>
      <line num="374" type="stmt" count="0"/>
      <line num="375" type="stmt" count="0"/>
      <line num="376" type="stmt" count="0"/>
      <line num="377" type="stmt" count="0"/>
      <line num="378" type="stmt" count="0"/>
      <line num="379" type="stmt" count="0"/>
      <line num="380" type="stmt" count="0"/>
      <line num="381" type="stmt" count="0"/>
      <line num="382" type="stmt" count="0"/>
      <line num="383" type="stmt" count="0"/>
      <line num="384" type="stmt" count="0"/>
      <line num="385" type="stmt" count="0"/>
      <line num="386" type="stmt" count="0"/>
      <line num="387" type="stmt" count="0"/>
      <line num="388" type="stmt" count="0"/>
      <line num="389" type="stmt" count="0"/>
      <line num="390" type="stmt" count="0"/>
      <line num="391" type="stmt" count="0"/>
      <line num="392" type="stmt" count="0"/>
      <line num="393" type="stmt" count="0"/>
      <line num="394" type="stmt" count="0"/>
      <line num="395" type="stmt" count="0"/>
      <line num="396" type="stmt" count="0"/>
      <line num="397" type="stmt" count="0"/>
      <line num="398" type="stmt" count="0"/>
      <line num="399" type="stmt" count="0"/>
      <line num="400" type="stmt" count="0"/>
      <line num="401" type="stmt" count="0"/>
      <line num="402" type="stmt" count="0"/>
      <line num="403" type="stmt" count="0"/>
      <line num="404" type="stmt" count="0"/>
      <line num="405" type="stmt" count="0"/>
      <line num="406" type="stmt" count="0"/>
      <line num="407" type="stmt" count="0"/>
      <line num="408" type="stmt" count="0"/>
      <line num="409" type="stmt" count="0"/>
      <line num="410" type="stmt" count="0"/>
      <line num="411" type="stmt" count="0"/>
      <line num="412" type="stmt" count="0"/>
      <metrics loc="411" ncloc="411" classes="0" methods="0" coveredmethods="0" conditionals="0" coveredconditionals="0" statements="411" coveredstatements="0" elements="411" coveredelements="0"/>
    </file>
    <file name="/var/www/tw/application/views/report.php">
      <line num="1" type="stmt" count="0"/>
      <line num="2" type="stmt" count="0"/>
      <line num="8" type="stmt" count="0"/>
      <line num="9" type="stmt" count="0"/>
      <line num="13" type="stmt" count="0"/>
      <line num="14" type="stmt" count="0"/>
      <line num="18" type="stmt" count="0"/>
      <line num="20" type="stmt" count="0"/>
      <line num="21" type="stmt" count="0"/>
      <line num="22" type="stmt" count="0"/>
      <line num="23" type="stmt" count="0"/>
      <line num="24" type="stmt" count="0"/>
      <line num="25" type="stmt" count="0"/>
      <line num="26" type="stmt" count="0"/>
      <line num="27" type="stmt" count="0"/>
      <line num="28" type="stmt" count="0"/>
      <line num="30" type="stmt" count="0"/>
      <line num="31" type="stmt" count="0"/>
      <line num="34" type="stmt" count="0"/>
      <line num="35" type="stmt" count="0"/>
      <line num="37" type="stmt" count="0"/>
      <line num="39" type="stmt" count="0"/>
      <line num="41" type="stmt" count="0"/>
      <line num="43" type="stmt" count="0"/>
      <line num="45" type="stmt" count="0"/>
      <line num="47" type="stmt" count="0"/>
      <line num="48" type="stmt" count="0"/>
      <line num="49" type="stmt" count="0"/>
      <line num="51" type="stmt" count="0"/>
      <line num="52" type="stmt" count="0"/>
      <line num="54" type="stmt" count="0"/>
      <line num="56" type="stmt" count="0"/>
      <line num="58" type="stmt" count="0"/>
      <line num="60" type="stmt" count="0"/>
      <line num="62" type="stmt" count="0"/>
      <line num="64" type="stmt" count="0"/>
      <line num="65" type="stmt" count="0"/>
      <line num="66" type="stmt" count="0"/>
      <line num="68" type="stmt" count="0"/>
      <line num="69" type="stmt" count="0"/>
      <line num="71" type="stmt" count="0"/>
      <line num="73" type="stmt" count="0"/>
      <line num="75" type="stmt" count="0"/>
      <line num="77" type="stmt" count="0"/>
      <line num="79" type="stmt" count="0"/>
      <line num="81" type="stmt" count="0"/>
      <line num="82" type="stmt" count="0"/>
      <line num="83" type="stmt" count="0"/>
      <line num="86" type="stmt" count="0"/>
      <line num="88" type="stmt" count="0"/>
      <line num="89" type="stmt" count="0"/>
      <line num="91" type="stmt" count="0"/>
      <line num="92" type="stmt" count="0"/>
      <line num="93" type="stmt" count="0"/>
      <line num="94" type="stmt" count="0"/>
      <line num="95" type="stmt" count="0"/>
      <line num="96" type="stmt" count="0"/>
      <line num="97" type="stmt" count="0"/>
      <line num="98" type="stmt" count="0"/>
      <line num="99" type="stmt" count="0"/>
      <line num="100" type="stmt" count="0"/>
      <line num="102" type="stmt" count="0"/>
      <line num="103" type="stmt" count="0"/>
      <line num="104" type="stmt" count="0"/>
      <line num="106" type="stmt" count="0"/>
      <line num="108" type="stmt" count="0"/>
      <line num="110" type="stmt" count="0"/>
      <line num="111" type="stmt" count="0"/>
      <line num="112" type="stmt" count="0"/>
      <line num="114" type="stmt" count="0"/>
      <line num="116" type="stmt" count="0"/>
      <line num="118" type="stmt" count="0"/>
      <line num="119" type="stmt" count="0"/>
      <line num="120" type="stmt" count="0"/>
      <line num="122" type="stmt" count="0"/>
      <line num="123" type="stmt" count="0"/>
      <line num="124" type="stmt" count="0"/>
      <line num="125" type="stmt" count="0"/>
      <line num="127" type="stmt" count="0"/>
      <line num="128" type="stmt" count="0"/>
      <line num="129" type="stmt" count="0"/>
      <line num="130" type="stmt" count="0"/>
      <line num="131" type="stmt" count="0"/>
      <line num="133" type="stmt" count="0"/>
      <line num="135" type="stmt" count="0"/>
      <line num="137" type="stmt" count="0"/>
      <line num="138" type="stmt" count="0"/>
      <line num="139" type="stmt" count="0"/>
      <line num="141" type="stmt" count="0"/>
      <line num="142" type="stmt" count="0"/>
      <line num="145" type="stmt" count="0"/>
      <line num="147" type="stmt" count="0"/>
      <metrics loc="146" ncloc="146" classes="0" methods="0" coveredmethods="0" conditionals="0" coveredconditionals="0" statements="91" coveredstatements="0" elements="91" coveredelements="0"/>
    </file>
    <file name="/var/www/tw/application/views/reset-password.php">
      <line num="1" type="stmt" count="0"/>
      <line num="2" type="stmt" count="0"/>
      <line num="3" type="stmt" count="0"/>
      <line num="4" type="stmt" count="0"/>
      <line num="5" type="stmt" count="0"/>
      <line num="6" type="stmt" count="0"/>
      <line num="7" type="stmt" count="0"/>
      <line num="8" type="stmt" count="0"/>
      <line num="9" type="stmt" count="0"/>
      <line num="10" type="stmt" count="0"/>
      <line num="12" type="stmt" count="0"/>
      <line num="13" type="stmt" count="0"/>
      <line num="14" type="stmt" count="0"/>
      <line num="15" type="stmt" count="0"/>
      <line num="16" type="stmt" count="0"/>
      <line num="17" type="stmt" count="0"/>
      <line num="18" type="stmt" count="0"/>
      <line num="19" type="stmt" count="0"/>
      <line num="20" type="stmt" count="0"/>
      <line num="21" type="stmt" count="0"/>
      <line num="22" type="stmt" count="0"/>
      <line num="23" type="stmt" count="0"/>
      <line num="24" type="stmt" count="0"/>
      <line num="25" type="stmt" count="0"/>
      <line num="26" type="stmt" count="0"/>
      <line num="28" type="stmt" count="0"/>
      <line num="29" type="stmt" count="0"/>
      <line num="30" type="stmt" count="0"/>
      <line num="31" type="stmt" count="0"/>
      <line num="32" type="stmt" count="0"/>
      <line num="33" type="stmt" count="0"/>
      <line num="34" type="stmt" count="0"/>
      <line num="35" type="stmt" count="0"/>
      <metrics loc="34" ncloc="34" classes="0" methods="0" coveredmethods="0" conditionals="0" coveredconditionals="0" statements="32" coveredstatements="0" elements="32" coveredelements="0"/>
    </file>
    <file name="/var/www/tw/application/views/welcome_message.php">
      <line num="2" type="stmt" count="1"/>
      <line num="89" type="stmt" count="1"/>
      <metrics loc="88" ncloc="88" classes="0" methods="0" coveredmethods="0" conditionals="0" coveredconditionals="0" statements="1" coveredstatements="1" elements="1" coveredelements="1"/>
    </file>
    <metrics files="50" loc="6426" ncloc="4385" classes="11" methods="176" coveredmethods="14" conditionals="0" coveredconditionals="0" statements="3318" coveredstatements="117" elements="3494" coveredelements="131"/>
  </project>
</coverage>
